#
# There is insufficient memory for the Java Runtime Environment to continue.
# Native memory allocation (malloc) failed to allocate 32744 bytes for ChunkPool::allocate
# Possible reasons:
#   The system is out of physical RAM or swap space
#   The process is running with CompressedOops enabled, and the Java Heap may be blocking the growth of the native heap
# Possible solutions:
#   Reduce memory load on the system
#   Increase physical memory or swap space
#   Check if swap backing store is full
#   Decrease Java heap size (-Xmx/-Xms)
#   Decrease number of Java threads
#   Decrease Java thread stack sizes (-Xss)
#   Set larger code cache with -XX:ReservedCodeCacheSize=
#   JVM is running with Unscaled Compressed Oops mode in which the Java heap is
#     placed in the first 4GB address space. The Java Heap base address is the
#     maximum limit for the native heap growth. Please use -XX:HeapBaseMinAddress
#     to set the Java Heap base and to place the Java Heap above 4GB virtual address.
# This output file may be truncated or incomplete.
#
#  Out of Memory Error (./src/hotspot/share/memory/arena.cpp:81), pid=4060, tid=11488
#
# JRE version: OpenJDK Runtime Environment (11.0.10) (build 11.0.10+0-b96-7249189)
# Java VM: OpenJDK 64-Bit Server VM (11.0.10+0-b96-7249189, mixed mode, tiered, compressed oops, g1 gc, windows-amd64)
# No core dump will be written. Minidumps are not enabled by default on client versions of Windows
#

---------------  S U M M A R Y ------------

Command Line: --add-opens=java.base/java.util=ALL-UNNAMED --add-opens=java.base/java.lang=ALL-UNNAMED --add-opens=java.base/java.lang.invoke=ALL-UNNAMED --add-opens=java.base/java.util=ALL-UNNAMED --add-opens=java.prefs/java.util.prefs=ALL-UNNAMED --add-opens=java.prefs/java.util.prefs=ALL-UNNAMED --add-opens=java.base/java.nio.charset=ALL-UNNAMED --add-opens=java.base/java.net=ALL-UNNAMED --add-opens=java.base/java.util.concurrent.atomic=ALL-UNNAMED -Xmx2048m -Dfile.encoding=UTF-8 -Duser.country=TR -Duser.language=tr -Duser.variant org.gradle.launcher.daemon.bootstrap.GradleDaemon 7.0.2

Host: Intel(R) Core(TM) i5-4200M CPU @ 2.50GHz, 4 cores, 7G,  Windows 8.1 , 64 bit Build 9600 (6.3.9600.20237)
Time: Sat Mar 26 13:47:06 2022 Türkiye Standart Saati elapsed time: 21.605822 seconds (0d 0h 0m 21s)

---------------  T H R E A D  ---------------

Current thread (0x00000055419c5800):  JavaThread "Daemon worker" [_thread_in_vm, id=11488, stack(0x0000005547460000,0x0000005547560000)]

Stack: [0x0000005547460000,0x0000005547560000]
Native frames: (J=compiled Java code, j=interpreted, Vv=VM code, C=native code)
V  [jvm.dll+0x5ecfaa]
V  [jvm.dll+0x722bd5]
V  [jvm.dll+0x72412d]
V  [jvm.dll+0x7247e3]
V  [jvm.dll+0x242928]
V  [jvm.dll+0xbc75b]
V  [jvm.dll+0xbca0c]
V  [jvm.dll+0x719635]
V  [jvm.dll+0x719e74]
V  [jvm.dll+0x71917b]
V  [jvm.dll+0x10b0c9]
V  [jvm.dll+0x10c43a]
V  [jvm.dll+0x10bc14]
V  [jvm.dll+0x6b8e0a]
V  [jvm.dll+0x3ef132]
C  0x0000005532475ae9

Java frames: (J=compiled Java code, j=interpreted, Vv=VM code)
J 99  java.lang.System.identityHashCode(Ljava/lang/Object;)I java.base@11.0.10 (0 bytes) @ 0x0000005532475a4d [0x00000055324759c0+0x000000000000008d]
j  java.util.IdentityHashMap.hash(Ljava/lang/Object;I)I+1 java.base@11.0.10
j  java.util.IdentityHashMap.put(Ljava/lang/Object;Ljava/lang/Object;)Ljava/lang/Object;+19 java.base@11.0.10
J 3230 c2 java.util.Collections$SetFromMap.add(Ljava/lang/Object;)Z java.base@11.0.10 (22 bytes) @ 0x00000055325f8f3c [0x00000055325f8ec0+0x000000000000007c]
j  java.lang.Throwable.printStackTrace(Ljava/lang/Throwable$PrintStreamOrWriter;)V+13 java.base@11.0.10
j  java.lang.Throwable.printStackTrace(Ljava/io/PrintWriter;)V+9 java.base@11.0.10
j  org.gradle.internal.exceptions.DefaultMultiCauseException.printStackTrace(Ljava/io/PrintWriter;)V+31
j  org.gradle.internal.build.event.types.DefaultFailure.fromThrowable(Ljava/lang/Throwable;)Lorg/gradle/internal/build/event/types/DefaultFailure;+19
j  org.gradle.tooling.internal.provider.runner.ClientForwardingProjectConfigurationOperationListener.toProjectConfigurationOperationResult(Lorg/gradle/internal/operations/OperationFinishEvent;Lorg/gradle/tooling/internal/provider/runner/ClientForwardingProjectConfigurationOperationListener$ProjectConfigurationResult;)Lorg/gradle/internal/build/event/types/AbstractProjectConfigurationResult;+47
j  org.gradle.tooling.internal.provider.runner.ClientForwardingProjectConfigurationOperationListener.toFinishedEvent(Lorg/gradle/internal/operations/BuildOperationDescriptor;Lorg/gradle/internal/operations/OperationFinishEvent;Lorg/gradle/configuration/project/ConfigureProjectBuildOperationType$Details;)Lorg/gradle/tooling/internal/protocol/events/InternalOperationFinishedProgressEvent;+18
j  org.gradle.tooling.internal.provider.runner.ClientForwardingProjectConfigurationOperationListener.toFinishedEvent(Lorg/gradle/internal/operations/BuildOperationDescriptor;Lorg/gradle/internal/operations/OperationFinishEvent;Ljava/lang/Object;)Lorg/gradle/tooling/internal/protocol/events/InternalOperationFinishedProgressEvent;+7
j  org.gradle.tooling.internal.provider.runner.SubtreeFilteringBuildOperationListener.finished(Lorg/gradle/internal/operations/BuildOperationDescriptor;Lorg/gradle/internal/operations/OperationFinishEvent;)V+51
j  org.gradle.tooling.internal.provider.runner.ClientForwardingProjectConfigurationOperationListener.finished(Lorg/gradle/internal/operations/BuildOperationDescriptor;Lorg/gradle/internal/operations/OperationFinishEvent;)V+3
J 4565 c1 org.gradle.internal.operations.DefaultBuildOperationListenerManager$ProgressShieldingBuildOperationListener.finished(Lorg/gradle/internal/operations/BuildOperationDescriptor;Lorg/gradle/internal/operations/OperationFinishEvent;)V (26 bytes) @ 0x000000552b8451c4 [0x000000552b844fe0+0x00000000000001e4]
j  org.gradle.internal.operations.DefaultBuildOperationListenerManager$1.finished(Lorg/gradle/internal/operations/BuildOperationDescriptor;Lorg/gradle/internal/operations/OperationFinishEvent;)V+36
j  org.gradle.internal.operations.DefaultBuildOperationExecutor$ListenerAdapter.stop(Lorg/gradle/internal/operations/BuildOperationDescriptor;Lorg/gradle/internal/operations/BuildOperationState;Lorg/gradle/internal/operations/BuildOperationState;Lorg/gradle/internal/operations/DefaultBuildOperationRunner$ReadableBuildOperationContext;)V+70
j  org.gradle.internal.operations.DefaultBuildOperationRunner$BuildOperationTrackingListener.stop(Lorg/gradle/internal/operations/BuildOperationDescriptor;Lorg/gradle/internal/operations/BuildOperationState;Lorg/gradle/internal/operations/BuildOperationState;Lorg/gradle/internal/operations/DefaultBuildOperationRunner$ReadableBuildOperationContext;)V+9
j  org.gradle.internal.operations.DefaultBuildOperationRunner$3.execute(Lorg/gradle/internal/operations/BuildOperationDescriptor;Lorg/gradle/internal/operations/BuildOperationState;Lorg/gradle/internal/operations/BuildOperationState;Lorg/gradle/internal/operations/DefaultBuildOperationRunner$ReadableBuildOperationContext;Lorg/gradle/internal/operations/DefaultBuildOperationRunner$BuildOperationExecutionListener;)Lorg/gradle/internal/operations/BuildOperation;+62
j  org.gradle.internal.operations.DefaultBuildOperationRunner$3.execute(Lorg/gradle/internal/operations/BuildOperationDescriptor;Lorg/gradle/internal/operations/BuildOperationState;Lorg/gradle/internal/operations/BuildOperationState;Lorg/gradle/internal/operations/DefaultBuildOperationRunner$ReadableBuildOperationContext;Lorg/gradle/internal/operations/DefaultBuildOperationRunner$BuildOperationExecutionListener;)Ljava/lang/Object;+8
j  org.gradle.internal.operations.DefaultBuildOperationRunner.execute(Lorg/gradle/internal/operations/BuildOperationDescriptor$Builder;Lorg/gradle/internal/operations/BuildOperationState;Lorg/gradle/internal/operations/DefaultBuildOperationRunner$BuildOperationExecution;)Ljava/lang/Object;+134
j  org.gradle.internal.operations.DefaultBuildOperationRunner.execute(Lorg/gradle/internal/operations/BuildOperation;Lorg/gradle/internal/operations/BuildOperationWorker;Lorg/gradle/internal/operations/BuildOperationState;)V+18
j  org.gradle.internal.operations.DefaultBuildOperationRunner.run(Lorg/gradle/internal/operations/RunnableBuildOperation;)V+9
j  org.gradle.internal.operations.DefaultBuildOperationExecutor.lambda$run$1(Lorg/gradle/internal/operations/RunnableBuildOperation;Lorg/gradle/internal/operations/BuildOperationState;)V+5
j  org.gradle.internal.operations.DefaultBuildOperationExecutor$$Lambda$168.accept(Ljava/lang/Object;)V+12
j  org.gradle.internal.operations.UnmanagedBuildOperationWrapper.runWithUnmanagedSupport(Lorg/gradle/internal/operations/BuildOperationState;Ljava/util/function/Consumer;)V+8
j  org.gradle.internal.operations.DefaultBuildOperationExecutor.run(Lorg/gradle/internal/operations/RunnableBuildOperation;)V+15
j  org.gradle.configuration.project.LifecycleProjectEvaluator.evaluate(Lorg/gradle/api/internal/project/ProjectInternal;Lorg/gradle/api/internal/project/ProjectStateInternal;)V+22
j  org.gradle.api.internal.project.DefaultProject.evaluate()Lorg/gradle/api/internal/project/DefaultProject;+9
j  org.gradle.api.internal.project.DefaultProject.evaluate()Lorg/gradle/api/Project;+1
j  org.gradle.execution.TaskPathProjectEvaluator.configure(Lorg/gradle/api/internal/project/ProjectInternal;)V+37
j  org.gradle.execution.TaskPathProjectEvaluator.configureHierarchy(Lorg/gradle/api/internal/project/ProjectInternal;)V+2
j  org.gradle.configuration.DefaultProjectsPreparer.prepareProjects(Lorg/gradle/api/internal/GradleInternal;)V+45
j  org.gradle.configuration.BuildTreePreparingProjectsPreparer.prepareProjects(Lorg/gradle/api/internal/GradleInternal;)V+118
j  org.gradle.configuration.BuildOperationFiringProjectsPreparer$ConfigureBuild.run(Lorg/gradle/internal/operations/BuildOperationContext;)V+11
j  org.gradle.internal.operations.DefaultBuildOperationRunner$1.execute(Lorg/gradle/internal/operations/RunnableBuildOperation;Lorg/gradle/internal/operations/BuildOperationContext;)V+2
j  org.gradle.internal.operations.DefaultBuildOperationRunner$1.execute(Lorg/gradle/internal/operations/BuildOperation;Lorg/gradle/internal/operations/BuildOperationContext;)V+6
j  org.gradle.internal.operations.DefaultBuildOperationRunner$3.execute(Lorg/gradle/internal/operations/BuildOperationDescriptor;Lorg/gradle/internal/operations/BuildOperationState;Lorg/gradle/internal/operations/BuildOperationState;Lorg/gradle/internal/operations/DefaultBuildOperationRunner$ReadableBuildOperationContext;Lorg/gradle/internal/operations/DefaultBuildOperationRunner$BuildOperationExecutionListener;)Lorg/gradle/internal/operations/BuildOperation;+22
j  org.gradle.internal.operations.DefaultBuildOperationRunner$3.execute(Lorg/gradle/internal/operations/BuildOperationDescriptor;Lorg/gradle/internal/operations/BuildOperationState;Lorg/gradle/internal/operations/BuildOperationState;Lorg/gradle/internal/operations/DefaultBuildOperationRunner$ReadableBuildOperationContext;Lorg/gradle/internal/operations/DefaultBuildOperationRunner$BuildOperationExecutionListener;)Ljava/lang/Object;+8
j  org.gradle.internal.operations.DefaultBuildOperationRunner.execute(Lorg/gradle/internal/operations/BuildOperationDescriptor$Builder;Lorg/gradle/internal/operations/BuildOperationState;Lorg/gradle/internal/operations/DefaultBuildOperationRunner$BuildOperationExecution;)Ljava/lang/Object;+134
j  org.gradle.internal.operations.DefaultBuildOperationRunner.execute(Lorg/gradle/internal/operations/BuildOperation;Lorg/gradle/internal/operations/BuildOperationWorker;Lorg/gradle/internal/operations/BuildOperationState;)V+18
j  org.gradle.internal.operations.DefaultBuildOperationRunner.run(Lorg/gradle/internal/operations/RunnableBuildOperation;)V+9
j  org.gradle.internal.operations.DefaultBuildOperationExecutor.lambda$run$1(Lorg/gradle/internal/operations/RunnableBuildOperation;Lorg/gradle/internal/operations/BuildOperationState;)V+5
j  org.gradle.internal.operations.DefaultBuildOperationExecutor$$Lambda$168.accept(Ljava/lang/Object;)V+12
j  org.gradle.internal.operations.UnmanagedBuildOperationWrapper.runWithUnmanagedSupport(Lorg/gradle/internal/operations/BuildOperationState;Ljava/util/function/Consumer;)V+8
j  org.gradle.internal.operations.DefaultBuildOperationExecutor.run(Lorg/gradle/internal/operations/RunnableBuildOperation;)V+15
j  org.gradle.configuration.BuildOperationFiringProjectsPreparer.prepareProjects(Lorg/gradle/api/internal/GradleInternal;)V+13
j  org.gradle.initialization.DefaultGradleLauncher.prepareProjects()V+18
j  org.gradle.initialization.DefaultGradleLauncher.doClassicBuildStages(Lorg/gradle/initialization/DefaultGradleLauncher$Stage;)V+29
j  org.gradle.initialization.DefaultGradleLauncher.doBuildStages(Lorg/gradle/initialization/DefaultGradleLauncher$Stage;)V+80
j  org.gradle.initialization.DefaultGradleLauncher.executeTasks()Lorg/gradle/api/internal/GradleInternal;+4
j  org.gradle.internal.invocation.GradleBuildController$$Lambda$167.transform(Ljava/lang/Object;)Ljava/lang/Object;+4
j  org.gradle.internal.invocation.GradleBuildController$1.create()Ljava/lang/Object;+13
j  org.gradle.internal.work.DefaultWorkerLeaseService.withLocks(Ljava/lang/Iterable;Lorg/gradle/internal/Factory;)Ljava/lang/Object;+26
j  org.gradle.internal.invocation.GradleBuildController.doBuild(Lorg/gradle/api/Transformer;)Ljava/lang/Object;+25
j  org.gradle.internal.invocation.GradleBuildController.run()Lorg/gradle/api/internal/GradleInternal;+6
j  org.gradle.tooling.internal.provider.runner.BuildModelActionRunner.run(Lorg/gradle/internal/invocation/BuildAction;Lorg/gradle/internal/invocation/BuildController;)Lorg/gradle/internal/invocation/BuildActionRunner$Result;+78
j  org.gradle.launcher.exec.ChainingBuildActionRunner.run(Lorg/gradle/internal/invocation/BuildAction;Lorg/gradle/internal/invocation/BuildController;)Lorg/gradle/internal/invocation/BuildActionRunner$Result;+34
j  org.gradle.launcher.exec.ChainingBuildActionRunner.run(Lorg/gradle/internal/invocation/BuildAction;Lorg/gradle/internal/invocation/BuildController;)Lorg/gradle/internal/invocation/BuildActionRunner$Result;+34
j  org.gradle.launcher.exec.BuildOutcomeReportingBuildActionRunner.run(Lorg/gradle/internal/invocation/BuildAction;Lorg/gradle/internal/invocation/BuildController;)Lorg/gradle/internal/invocation/BuildActionRunner$Result;+147
j  org.gradle.tooling.internal.provider.ValidatingBuildActionRunner.run(Lorg/gradle/internal/invocation/BuildAction;Lorg/gradle/internal/invocation/BuildController;)Lorg/gradle/internal/invocation/BuildActionRunner$Result;+6
j  org.gradle.tooling.internal.provider.FileSystemWatchingBuildActionRunner.run(Lorg/gradle/internal/invocation/BuildAction;Lorg/gradle/internal/invocation/BuildController;)Lorg/gradle/internal/invocation/BuildActionRunner$Result;+227
j  org.gradle.launcher.exec.BuildCompletionNotifyingBuildActionRunner.run(Lorg/gradle/internal/invocation/BuildAction;Lorg/gradle/internal/invocation/BuildController;)Lorg/gradle/internal/invocation/BuildActionRunner$Result;+28
j  org.gradle.launcher.exec.RunAsBuildOperationBuildActionRunner$3.call(Lorg/gradle/internal/operations/BuildOperationContext;)Lorg/gradle/internal/invocation/BuildActionRunner$Result;+71
j  org.gradle.launcher.exec.RunAsBuildOperationBuildActionRunner$3.call(Lorg/gradle/internal/operations/BuildOperationContext;)Ljava/lang/Object;+2
j  org.gradle.internal.operations.DefaultBuildOperationRunner$CallableBuildOperationWorker.execute(Lorg/gradle/internal/operations/CallableBuildOperation;Lorg/gradle/internal/operations/BuildOperationContext;)V+3
j  org.gradle.internal.operations.DefaultBuildOperationRunner$CallableBuildOperationWorker.execute(Lorg/gradle/internal/operations/BuildOperation;Lorg/gradle/internal/operations/BuildOperationContext;)V+6
j  org.gradle.internal.operations.DefaultBuildOperationRunner$3.execute(Lorg/gradle/internal/operations/BuildOperationDescriptor;Lorg/gradle/internal/operations/BuildOperationState;Lorg/gradle/internal/operations/BuildOperationState;Lorg/gradle/internal/operations/DefaultBuildOperationRunner$ReadableBuildOperationContext;Lorg/gradle/internal/operations/DefaultBuildOperationRunner$BuildOperationExecutionListener;)Lorg/gradle/internal/operations/BuildOperation;+22
j  org.gradle.internal.operations.DefaultBuildOperationRunner$3.execute(Lorg/gradle/internal/operations/BuildOperationDescriptor;Lorg/gradle/internal/operations/BuildOperationState;Lorg/gradle/internal/operations/BuildOperationState;Lorg/gradle/internal/operations/DefaultBuildOperationRunner$ReadableBuildOperationContext;Lorg/gradle/internal/operations/DefaultBuildOperationRunner$BuildOperationExecutionListener;)Ljava/lang/Object;+8
j  org.gradle.internal.operations.DefaultBuildOperationRunner.execute(Lorg/gradle/internal/operations/BuildOperationDescriptor$Builder;Lorg/gradle/internal/operations/BuildOperationState;Lorg/gradle/internal/operations/DefaultBuildOperationRunner$BuildOperationExecution;)Ljava/lang/Object;+134
j  org.gradle.internal.operations.DefaultBuildOperationRunner.execute(Lorg/gradle/internal/operations/BuildOperation;Lorg/gradle/internal/operations/BuildOperationWorker;Lorg/gradle/internal/operations/BuildOperationState;)V+18
j  org.gradle.internal.operations.DefaultBuildOperationRunner.call(Lorg/gradle/internal/operations/CallableBuildOperation;)Ljava/lang/Object;+16
j  org.gradle.internal.operations.DefaultBuildOperationExecutor.lambda$call$2(Lorg/gradle/internal/operations/CallableBuildOperation;Lorg/gradle/internal/operations/BuildOperationState;)Ljava/lang/Object;+5
j  org.gradle.internal.operations.DefaultBuildOperationExecutor$$Lambda$154.apply(Ljava/lang/Object;)Ljava/lang/Object;+12
j  org.gradle.internal.operations.UnmanagedBuildOperationWrapper.callWithUnmanagedSupport(Lorg/gradle/internal/operations/BuildOperationState;Ljava/util/function/Function;)Ljava/lang/Object;+8
j  org.gradle.internal.operations.DefaultBuildOperationExecutor.call(Lorg/gradle/internal/operations/CallableBuildOperation;)Ljava/lang/Object;+15
j  org.gradle.launcher.exec.RunAsBuildOperationBuildActionRunner.run(Lorg/gradle/internal/invocation/BuildAction;Lorg/gradle/internal/invocation/BuildController;)Lorg/gradle/internal/invocation/BuildActionRunner$Result;+33
j  org.gradle.launcher.exec.InProcessBuildActionExecuter.lambda$execute$0(Lorg/gradle/internal/invocation/BuildAction;Lorg/gradle/internal/invocation/BuildController;)Lorg/gradle/launcher/exec/BuildActionResult;+6
j  org.gradle.launcher.exec.InProcessBuildActionExecuter$$Lambda$153.transform(Ljava/lang/Object;)Ljava/lang/Object;+12
j  org.gradle.composite.internal.DefaultRootBuildState.run(Lorg/gradle/api/Transformer;)Ljava/lang/Object;+43
j  org.gradle.launcher.exec.InProcessBuildActionExecuter.execute(Lorg/gradle/internal/invocation/BuildAction;Lorg/gradle/launcher/exec/BuildActionParameters;Lorg/gradle/internal/buildtree/BuildTreeContext;)Lorg/gradle/launcher/exec/BuildActionResult;+44
j  org.gradle.launcher.exec.InProcessBuildActionExecuter.execute(Lorg/gradle/internal/invocation/BuildAction;Ljava/lang/Object;Ljava/lang/Object;)Lorg/gradle/launcher/exec/BuildActionResult;+10
j  org.gradle.launcher.exec.BuildTreeScopeLifecycleBuildActionExecuter.lambda$execute$0(Lorg/gradle/internal/invocation/BuildAction;Lorg/gradle/launcher/exec/BuildActionParameters;Lorg/gradle/internal/buildtree/BuildTreeContext;)Lorg/gradle/launcher/exec/BuildActionResult;+19
j  org.gradle.launcher.exec.BuildTreeScopeLifecycleBuildActionExecuter$$Lambda$100.apply(Ljava/lang/Object;)Ljava/lang/Object;+12
j  org.gradle.internal.buildtree.BuildTreeState.run(Ljava/util/function/Function;)Ljava/lang/Object;+7
j  org.gradle.launcher.exec.BuildTreeScopeLifecycleBuildActionExecuter.execute(Lorg/gradle/internal/invocation/BuildAction;Lorg/gradle/launcher/exec/BuildActionParameters;Lorg/gradle/internal/session/BuildSessionContext;)Lorg/gradle/launcher/exec/BuildActionResult;+49
j  org.gradle.launcher.exec.BuildTreeScopeLifecycleBuildActionExecuter.execute(Lorg/gradle/internal/invocation/BuildAction;Ljava/lang/Object;Ljava/lang/Object;)Lorg/gradle/launcher/exec/BuildActionResult;+10
j  org.gradle.tooling.internal.provider.ContinuousBuildActionExecuter.execute(Lorg/gradle/internal/invocation/BuildAction;Lorg/gradle/launcher/exec/BuildActionParameters;Lorg/gradle/internal/session/BuildSessionContext;)Lorg/gradle/launcher/exec/BuildActionResult;+59
j  org.gradle.tooling.internal.provider.ContinuousBuildActionExecuter.execute(Lorg/gradle/internal/invocation/BuildAction;Ljava/lang/Object;Ljava/lang/Object;)Lorg/gradle/launcher/exec/BuildActionResult;+10
j  org.gradle.tooling.internal.provider.SubscribableBuildActionExecuter.execute(Lorg/gradle/internal/invocation/BuildAction;Lorg/gradle/launcher/exec/BuildActionParameters;Lorg/gradle/internal/session/BuildSessionContext;)Lorg/gradle/launcher/exec/BuildActionResult;+33
j  org.gradle.tooling.internal.provider.SubscribableBuildActionExecuter.execute(Lorg/gradle/internal/invocation/BuildAction;Ljava/lang/Object;Ljava/lang/Object;)Lorg/gradle/launcher/exec/BuildActionResult;+10
j  org.gradle.tooling.internal.provider.SessionScopeLifecycleBuildActionExecuter.lambda$execute$0(Lorg/gradle/internal/invocation/BuildAction;Lorg/gradle/launcher/exec/BuildActionParameters;Lorg/gradle/internal/session/BuildSessionContext;)Lorg/gradle/launcher/exec/BuildActionResult;+52
j  org.gradle.tooling.internal.provider.SessionScopeLifecycleBuildActionExecuter$$Lambda$92.apply(Ljava/lang/Object;)Ljava/lang/Object;+12
j  org.gradle.internal.session.BuildSessionState.run(Ljava/util/function/Function;)Ljava/lang/Object;+9
j  org.gradle.tooling.internal.provider.SessionScopeLifecycleBuildActionExecuter.execute(Lorg/gradle/internal/invocation/BuildAction;Lorg/gradle/launcher/exec/BuildActionParameters;Lorg/gradle/initialization/BuildRequestContext;)Lorg/gradle/launcher/exec/BuildActionResult;+74
j  org.gradle.tooling.internal.provider.SessionScopeLifecycleBuildActionExecuter.execute(Lorg/gradle/internal/invocation/BuildAction;Ljava/lang/Object;Ljava/lang/Object;)Lorg/gradle/launcher/exec/BuildActionResult;+10
j  org.gradle.tooling.internal.provider.GradleThreadBuildActionExecuter.execute(Lorg/gradle/internal/invocation/BuildAction;Lorg/gradle/launcher/exec/BuildActionParameters;Lorg/gradle/initialization/BuildRequestContext;)Lorg/gradle/launcher/exec/BuildActionResult;+10
j  org.gradle.tooling.internal.provider.GradleThreadBuildActionExecuter.execute(Lorg/gradle/internal/invocation/BuildAction;Ljava/lang/Object;Ljava/lang/Object;)Lorg/gradle/launcher/exec/BuildActionResult;+10
j  org.gradle.tooling.internal.provider.StartParamsValidatingActionExecuter.execute(Lorg/gradle/internal/invocation/BuildAction;Lorg/gradle/launcher/exec/BuildActionParameters;Lorg/gradle/initialization/BuildRequestContext;)Lorg/gradle/launcher/exec/BuildActionResult;+175
j  org.gradle.tooling.internal.provider.StartParamsValidatingActionExecuter.execute(Lorg/gradle/internal/invocation/BuildAction;Ljava/lang/Object;Ljava/lang/Object;)Lorg/gradle/launcher/exec/BuildActionResult;+10
j  org.gradle.tooling.internal.provider.SessionFailureReportingActionExecuter.execute(Lorg/gradle/internal/invocation/BuildAction;Lorg/gradle/launcher/exec/BuildActionParameters;Lorg/gradle/initialization/BuildRequestContext;)Lorg/gradle/launcher/exec/BuildActionResult;+7
j  org.gradle.tooling.internal.provider.SessionFailureReportingActionExecuter.execute(Lorg/gradle/internal/invocation/BuildAction;Ljava/lang/Object;Ljava/lang/Object;)Lorg/gradle/launcher/exec/BuildActionResult;+10
j  org.gradle.tooling.internal.provider.SetupLoggingActionExecuter.execute(Lorg/gradle/internal/invocation/BuildAction;Lorg/gradle/launcher/exec/BuildActionParameters;Lorg/gradle/initialization/BuildRequestContext;)Lorg/gradle/launcher/exec/BuildActionResult;+50
j  org.gradle.tooling.internal.provider.SetupLoggingActionExecuter.execute(Lorg/gradle/internal/invocation/BuildAction;Ljava/lang/Object;Ljava/lang/Object;)Lorg/gradle/launcher/exec/BuildActionResult;+10
j  org.gradle.launcher.daemon.server.exec.ExecuteBuild.doBuild(Lorg/gradle/launcher/daemon/server/api/DaemonCommandExecution;Lorg/gradle/launcher/daemon/protocol/Build;)V+114
j  org.gradle.launcher.daemon.server.exec.BuildCommandOnly.execute(Lorg/gradle/launcher/daemon/server/api/DaemonCommandExecution;)V+49
j  org.gradle.launcher.daemon.server.api.DaemonCommandExecution.proceed()Z+23
j  org.gradle.launcher.daemon.server.exec.WatchForDisconnection.execute(Lorg/gradle/launcher/daemon/server/api/DaemonCommandExecution;)V+19
j  org.gradle.launcher.daemon.server.api.DaemonCommandExecution.proceed()Z+23
j  org.gradle.launcher.daemon.server.exec.ResetDeprecationLogger.execute(Lorg/gradle/launcher/daemon/server/api/DaemonCommandExecution;)V+7
j  org.gradle.launcher.daemon.server.api.DaemonCommandExecution.proceed()Z+23
j  org.gradle.launcher.daemon.server.exec.RequestStopIfSingleUsedDaemon.execute(Lorg/gradle/launcher/daemon/server/api/DaemonCommandExecution;)V+33
j  org.gradle.launcher.daemon.server.api.DaemonCommandExecution.proceed()Z+23
j  org.gradle.launcher.daemon.server.exec.ForwardClientInput$2.create()Ljava/lang/Void;+4
j  org.gradle.launcher.daemon.server.exec.ForwardClientInput$2.create()Ljava/lang/Object;+1
j  org.gradle.util.Swapper.swap(Ljava/lang/Object;Lorg/gradle/internal/Factory;)Ljava/lang/Object;+21
j  org.gradle.launcher.daemon.server.exec.ForwardClientInput.execute(Lorg/gradle/launcher/daemon/server/api/DaemonCommandExecution;)V+63
j  org.gradle.launcher.daemon.server.api.DaemonCommandExecution.proceed()Z+23
j  org.gradle.launcher.daemon.server.exec.LogAndCheckHealth.execute(Lorg/gradle/launcher/daemon/server/api/DaemonCommandExecution;)V+28
j  org.gradle.launcher.daemon.server.api.DaemonCommandExecution.proceed()Z+23
j  org.gradle.launcher.daemon.server.exec.LogToClient.doBuild(Lorg/gradle/launcher/daemon/server/api/DaemonCommandExecution;Lorg/gradle/launcher/daemon/protocol/Build;)V+87
j  org.gradle.launcher.daemon.server.exec.BuildCommandOnly.execute(Lorg/gradle/launcher/daemon/server/api/DaemonCommandExecution;)V+49
j  org.gradle.launcher.daemon.server.api.DaemonCommandExecution.proceed()Z+23
j  org.gradle.launcher.daemon.server.exec.EstablishBuildEnvironment.doBuild(Lorg/gradle/launcher/daemon/server/api/DaemonCommandExecution;Lorg/gradle/launcher/daemon/protocol/Build;)V+356
j  org.gradle.launcher.daemon.server.exec.BuildCommandOnly.execute(Lorg/gradle/launcher/daemon/server/api/DaemonCommandExecution;)V+49
j  org.gradle.launcher.daemon.server.api.DaemonCommandExecution.proceed()Z+23
j  org.gradle.launcher.daemon.server.exec.StartBuildOrRespondWithBusy$1.run()V+44
j  org.gradle.launcher.daemon.server.DaemonStateCoordinator$1.run()V+4
j  org.gradle.internal.concurrent.ExecutorPolicy$CatchAndRecordFailures.onExecute(Ljava/lang/Runnable;)V+1
j  org.gradle.internal.concurrent.ManagedExecutorImpl$1.run()V+25
j  java.util.concurrent.ThreadPoolExecutor.runWorker(Ljava/util/concurrent/ThreadPoolExecutor$Worker;)V+92 java.base@11.0.10
j  java.util.concurrent.ThreadPoolExecutor$Worker.run()V+5 java.base@11.0.10
j  org.gradle.internal.concurrent.ThreadFactoryImpl$ManagedThreadRunnable.run()V+7
j  java.lang.Thread.run()V+11 java.base@11.0.10
v  ~StubRoutines::call_stub

---------------  P R O C E S S  ---------------

Threads class SMR info:
_java_thread_list=0x000000554350f700, length=41, elements={
0x0000005526ef4000, 0x0000005540de3800, 0x0000005540df2000, 0x0000005541814800,
0x0000005541816000, 0x0000005541818800, 0x000000554185d800, 0x0000005541865000,
0x0000005541867800, 0x00000055419c2800, 0x00000055419c4000, 0x00000055419c1800,
0x00000055419c3000, 0x00000055419c6800, 0x00000055419c7000, 0x00000055419c5000,
0x00000055419c5800, 0x00000055419c8000, 0x0000005544a87800, 0x0000005544a87000,
0x0000005544a85800, 0x0000005544a88800, 0x0000005544a86000, 0x0000005544a8c000,
0x0000005544a89800, 0x0000005544a8c800, 0x0000005544a8a000, 0x0000005544a8b000,
0x0000005544a8f000, 0x0000005544a8d800, 0x0000005544a92800, 0x0000005544a90000,
0x0000005544a91800, 0x0000005546b3a000, 0x0000005546b39000, 0x0000005546b37800,
0x0000005546b3a800, 0x0000005546b38000, 0x0000005546b3d000, 0x0000005546b3e000,
0x0000005546b3b800
}

Java Threads: ( => current thread )
  0x0000005526ef4000 JavaThread "main" [_thread_blocked, id=9712, stack(0x0000005524e60000,0x0000005524f60000)]
  0x0000005540de3800 JavaThread "Reference Handler" daemon [_thread_blocked, id=11136, stack(0x0000005541d00000,0x0000005541e00000)]
  0x0000005540df2000 JavaThread "Finalizer" daemon [_thread_blocked, id=11932, stack(0x0000005541e00000,0x0000005541f00000)]
  0x0000005541814800 JavaThread "Signal Dispatcher" daemon [_thread_blocked, id=13456, stack(0x0000005541fd0000,0x00000055420d0000)]
  0x0000005541816000 JavaThread "Attach Listener" daemon [_thread_blocked, id=13896, stack(0x00000055420d0000,0x00000055421d0000)]
  0x0000005541818800 JavaThread "Service Thread" daemon [_thread_blocked, id=15164, stack(0x00000055421d0000,0x00000055422d0000)]
  0x000000554185d800 JavaThread "C2 CompilerThread0" daemon [_thread_blocked, id=4180, stack(0x00000055422d0000,0x00000055423d0000)]
  0x0000005541865000 JavaThread "C1 CompilerThread0" daemon [_thread_blocked, id=10592, stack(0x00000055423d0000,0x00000055424d0000)]
  0x0000005541867800 JavaThread "Sweeper thread" daemon [_thread_blocked, id=14960, stack(0x00000055424d0000,0x00000055425d0000)]
  0x00000055419c2800 JavaThread "Common-Cleaner" daemon [_thread_blocked, id=15232, stack(0x00000055425d0000,0x00000055426d0000)]
  0x00000055419c4000 JavaThread "Daemon health stats" [_thread_blocked, id=11392, stack(0x0000005545670000,0x0000005545770000)]
  0x00000055419c1800 JavaThread "Incoming local TCP Connector on port 56472" [_thread_in_native, id=12068, stack(0x0000005545c50000,0x0000005545d50000)]
  0x00000055419c3000 JavaThread "Daemon periodic checks" [_thread_blocked, id=7420, stack(0x0000005547060000,0x0000005547160000)]
  0x00000055419c6800 JavaThread "Daemon" [_thread_blocked, id=13660, stack(0x0000005547160000,0x0000005547260000)]
  0x00000055419c7000 JavaThread "Handler for socket connection from /127.0.0.1:56472 to /127.0.0.1:56473" [_thread_in_native, id=9680, stack(0x0000005547260000,0x0000005547360000)]
  0x00000055419c5000 JavaThread "Cancel handler" [_thread_blocked, id=6552, stack(0x0000005547360000,0x0000005547460000)]
=>0x00000055419c5800 JavaThread "Daemon worker" [_thread_in_vm, id=11488, stack(0x0000005547460000,0x0000005547560000)]
  0x00000055419c8000 JavaThread "Asynchronous log dispatcher for DefaultDaemonConnection: socket connection from /127.0.0.1:56472 to /127.0.0.1:56473" [_thread_blocked, id=14648, stack(0x0000005547560000,0x0000005547660000)]
  0x0000005544a87800 JavaThread "Stdin handler" [_thread_blocked, id=12728, stack(0x0000005547660000,0x0000005547760000)]
  0x0000005544a87000 JavaThread "Daemon client event forwarder" [_thread_blocked, id=5828, stack(0x0000005547860000,0x0000005547960000)]
  0x0000005544a85800 JavaThread "Cache worker for file hash cache (C:\Users\win8\.gradle\caches\7.0.2\fileHashes)" [_thread_blocked, id=8524, stack(0x0000005547c60000,0x0000005547d60000)]
  0x0000005544a88800 JavaThread "File lock request listener" [_thread_in_native, id=8992, stack(0x0000005547d60000,0x0000005547e60000)]
  0x0000005544a86000 JavaThread "Cache worker for journal cache (C:\Users\win8\.gradle\caches\journal-1)" [_thread_blocked, id=13148, stack(0x0000005548060000,0x0000005548160000)]
  0x0000005544a8c000 JavaThread "Cache worker for file hash cache (C:\Users\win8\AndroidStudioProjects\Yreselrnler\.gradle\7.0.2\fileHashes)" [_thread_blocked, id=15264, stack(0x0000005548340000,0x0000005548440000)]
  0x0000005544a89800 JavaThread "File watcher server" daemon [_thread_in_native, id=5040, stack(0x0000005548160000,0x0000005548260000)]
  0x0000005544a8c800 JavaThread "File watcher consumer" daemon [_thread_blocked, id=10732, stack(0x0000005549640000,0x0000005549740000)]
  0x0000005544a8a000 JavaThread "Cache worker for checksums cache (C:\Users\win8\AndroidStudioProjects\Yreselrnler\.gradle\checksums)" [_thread_blocked, id=8452, stack(0x0000005549c30000,0x0000005549d30000)]
  0x0000005544a8b000 JavaThread "Cache worker for cache directory md-supplier (C:\Users\win8\.gradle\caches\7.0.2\md-supplier)" [_thread_blocked, id=6192, stack(0x0000005549940000,0x0000005549a40000)]
  0x0000005544a8f000 JavaThread "Cache worker for cache directory md-rule (C:\Users\win8\.gradle\caches\7.0.2\md-rule)" [_thread_blocked, id=7544, stack(0x0000005549a40000,0x0000005549b40000)]
  0x0000005544a8d800 JavaThread "Cache worker for execution history cache (C:\Users\win8\.gradle\caches\7.0.2\executionHistory)" [_thread_blocked, id=4680, stack(0x0000005549f30000,0x000000554a030000)]
  0x0000005544a92800 JavaThread "jar transforms" [_thread_blocked, id=15108, stack(0x000000554a630000,0x000000554a730000)]
  0x0000005544a90000 JavaThread "jar transforms Thread 2" [_thread_blocked, id=13292, stack(0x000000554a730000,0x000000554a830000)]
  0x0000005544a91800 JavaThread "Cache worker for file content cache (C:\Users\win8\.gradle\caches\7.0.2\fileContent)" [_thread_blocked, id=11764, stack(0x000000554aa30000,0x000000554ab30000)]
  0x0000005546b3a000 JavaThread "Cache worker for dependencies-accessors (C:\Users\win8\AndroidStudioProjects\Yreselrnler\.gradle\7.0.2\dependencies-accessors)" [_thread_blocked, id=2428, stack(0x000000554ad30000,0x000000554ae30000)]
  0x0000005546b39000 JavaThread "jar transforms Thread 3" [_thread_blocked, id=1496, stack(0x000000554b030000,0x000000554b130000)]
  0x0000005546b37800 JavaThread "Cache worker for Build Output Cleanup Cache (C:\Users\win8\AndroidStudioProjects\Yreselrnler\.gradle\buildOutputCleanup)" [_thread_blocked, id=4832, stack(0x000000554b330000,0x000000554b430000)]
  0x0000005546b3a800 JavaThread "Build operations" [_thread_blocked, id=1344, stack(0x0000005542fd0000,0x00000055430d0000)]
  0x0000005546b38000 JavaThread "Build operations Thread 2" [_thread_blocked, id=8220, stack(0x000000554b630000,0x000000554b730000)]
  0x0000005546b3d000 JavaThread "Build operations Thread 3" [_thread_blocked, id=14872, stack(0x000000554b730000,0x000000554b830000)]
  0x0000005546b3e000 JavaThread "Build operations Thread 4" [_thread_blocked, id=8828, stack(0x000000554b830000,0x000000554b930000)]
  0x0000005546b3b800 JavaThread "jar transforms Thread 4" [_thread_blocked, id=3796, stack(0x000000554b930000,0x000000554ba30000)]

Other Threads:
  0x0000005541803800 VMThread "VM Thread" [stack: 0x0000005541c00000,0x0000005541d00000] [id=13372]
  0x00000055419e5800 WatcherThread [stack: 0x00000055426d0000,0x00000055427d0000] [id=15296]
  0x0000005526f0d000 GCTaskThread "GC Thread#0" [stack: 0x0000005526890000,0x0000005526990000] [id=8308]
  0x0000005542da4800 GCTaskThread "GC Thread#1" [stack: 0x00000055440a0000,0x00000055441a0000] [id=14500]
  0x0000005542da5800 GCTaskThread "GC Thread#2" [stack: 0x00000055441a0000,0x00000055442a0000] [id=10620]
  0x0000005544905000 GCTaskThread "GC Thread#3" [stack: 0x0000005547b60000,0x0000005547c60000] [id=7184]
  0x0000005526f3f000 ConcurrentGCThread "G1 Main Marker" [stack: 0x000000553e5b0000,0x000000553e6b0000] [id=6396]
  0x0000005526f41800 ConcurrentGCThread "G1 Conc#0" [stack: 0x000000553e6b0000,0x000000553e7b0000] [id=14444]
  0x0000005540c34800 ConcurrentGCThread "G1 Refine#0" [stack: 0x0000005540e00000,0x0000005540f00000] [id=9064]
  0x0000005540c35000 ConcurrentGCThread "G1 Young RemSet Sampling" [stack: 0x0000005540f00000,0x0000005541000000] [id=11832]

Threads with active compile tasks:

VM state:not at safepoint (normal execution)

VM Mutex/Monitor currently owned by a thread: None

OutOfMemory and StackOverflow Exception counts:
OutOfMemoryError java_heap_errors=5
LinkageErrors=79

Heap address: 0x0000000080000000, size: 2048 MB, Compressed Oops mode: 32-bit
Narrow klass base: 0x0000000000000000, Narrow klass shift: 3
Compressed class space size: 1073741824 Address: 0x0000000100000000

Heap:
 garbage-first heap   total 189440K, used 53935K [0x0000000080000000, 0x0000000100000000)
  region size 1024K, 32 young (32768K), 8 survivors (8192K)
 Metaspace       used 47250K, capacity 48440K, committed 48512K, reserved 1091584K
  class space    used 6034K, capacity 6469K, committed 6528K, reserved 1048576K
Heap Regions: E=young(eden), S=young(survivor), O=old, HS=humongous(starts), HC=humongous(continues), CS=collection set, F=free, A=archive, TAMS=top-at-mark-start (previous, next)
|   0|0x0000000080000000, 0x0000000080100000, 0x0000000080100000|100%| O|  |TAMS 0x0000000080100000, 0x0000000080000000| Untracked 
|   1|0x0000000080100000, 0x0000000080200000, 0x0000000080200000|100%| O|  |TAMS 0x0000000080200000, 0x0000000080100000| Untracked 
|   2|0x0000000080200000, 0x0000000080300000, 0x0000000080300000|100%| O|  |TAMS 0x0000000080300000, 0x0000000080200000| Untracked 
|   3|0x0000000080300000, 0x0000000080400000, 0x0000000080400000|100%|HS|  |TAMS 0x0000000080400000, 0x0000000080300000| Complete 
|   4|0x0000000080400000, 0x0000000080500000, 0x0000000080500000|100%|HC|  |TAMS 0x0000000080500000, 0x0000000080400000| Complete 
|   5|0x0000000080500000, 0x0000000080600000, 0x0000000080600000|100%|HC|  |TAMS 0x0000000080600000, 0x0000000080500000| Complete 
|   6|0x0000000080600000, 0x0000000080700000, 0x0000000080700000|100%| O|  |TAMS 0x0000000080700000, 0x0000000080600000| Untracked 
|   7|0x0000000080700000, 0x0000000080800000, 0x0000000080800000|100%| O|  |TAMS 0x0000000080800000, 0x0000000080700000| Untracked 
|   8|0x0000000080800000, 0x0000000080900000, 0x0000000080900000|100%| O|  |TAMS 0x0000000080900000, 0x0000000080800000| Untracked 
|   9|0x0000000080900000, 0x0000000080a00000, 0x0000000080a00000|100%| O|  |TAMS 0x0000000080a00000, 0x0000000080900000| Untracked 
|  10|0x0000000080a00000, 0x0000000080b00000, 0x0000000080b00000|100%| O|  |TAMS 0x0000000080b00000, 0x0000000080a00000| Untracked 
|  11|0x0000000080b00000, 0x0000000080c00000, 0x0000000080c00000|100%| O|  |TAMS 0x0000000080c00000, 0x0000000080b00000| Untracked 
|  12|0x0000000080c00000, 0x0000000080d00000, 0x0000000080d00000|100%| O|  |TAMS 0x0000000080d00000, 0x0000000080c00000| Untracked 
|  13|0x0000000080d00000, 0x0000000080e00000, 0x0000000080e00000|100%| O|  |TAMS 0x0000000080e00000, 0x0000000080d00000| Untracked 
|  14|0x0000000080e00000, 0x0000000080f00000, 0x0000000080f00000|100%| O|  |TAMS 0x0000000080f00000, 0x0000000080e00000| Untracked 
|  15|0x0000000080f00000, 0x0000000081000000, 0x0000000081000000|100%| O|  |TAMS 0x0000000080ff7000, 0x0000000080f00000| Untracked 
|  16|0x0000000081000000, 0x0000000081100000, 0x0000000081100000|100%|HS|  |TAMS 0x0000000081000000, 0x0000000081000000| Complete 
|  17|0x0000000081100000, 0x0000000081200000, 0x0000000081200000|100%| O|  |TAMS 0x0000000081100000, 0x0000000081100000| Untracked 
|  18|0x0000000081200000, 0x0000000081300000, 0x0000000081300000|100%| O|  |TAMS 0x0000000081200000, 0x0000000081200000| Untracked 
|  19|0x0000000081300000, 0x0000000081400000, 0x0000000081400000|100%| O|  |TAMS 0x0000000081300000, 0x0000000081300000| Untracked 
|  20|0x0000000081400000, 0x0000000081500000, 0x0000000081500000|100%| O|  |TAMS 0x0000000081400000, 0x0000000081400000| Untracked 
|  21|0x0000000081500000, 0x00000000815f5800, 0x0000000081600000| 95%| O|  |TAMS 0x0000000081500000, 0x0000000081500000| Untracked 
|  22|0x0000000081600000, 0x0000000081700000, 0x0000000081700000|100%|HS|  |TAMS 0x0000000081600000, 0x0000000081600000| Complete 
|  23|0x0000000081700000, 0x0000000081700000, 0x0000000081800000|  0%| F|  |TAMS 0x0000000081700000, 0x0000000081700000| Untracked 
|  24|0x0000000081800000, 0x0000000081800000, 0x0000000081900000|  0%| F|  |TAMS 0x0000000081800000, 0x0000000081800000| Untracked 
|  25|0x0000000081900000, 0x0000000081900000, 0x0000000081a00000|  0%| F|  |TAMS 0x0000000081900000, 0x0000000081900000| Untracked 
|  26|0x0000000081a00000, 0x0000000081a00000, 0x0000000081b00000|  0%| F|  |TAMS 0x0000000081a00000, 0x0000000081a00000| Untracked 
|  27|0x0000000081b00000, 0x0000000081b00000, 0x0000000081c00000|  0%| F|  |TAMS 0x0000000081b00000, 0x0000000081b00000| Untracked 
|  28|0x0000000081c00000, 0x0000000081c00000, 0x0000000081d00000|  0%| F|  |TAMS 0x0000000081c00000, 0x0000000081c00000| Untracked 
|  29|0x0000000081d00000, 0x0000000081d00000, 0x0000000081e00000|  0%| F|  |TAMS 0x0000000081d00000, 0x0000000081d00000| Untracked 
|  30|0x0000000081e00000, 0x0000000081e00000, 0x0000000081f00000|  0%| F|  |TAMS 0x0000000081e00000, 0x0000000081e00000| Untracked 
|  31|0x0000000081f00000, 0x0000000081f00000, 0x0000000082000000|  0%| F|  |TAMS 0x0000000081f00000, 0x0000000081f00000| Untracked 
|  32|0x0000000082000000, 0x0000000082000000, 0x0000000082100000|  0%| F|  |TAMS 0x0000000082000000, 0x0000000082000000| Untracked 
|  33|0x0000000082100000, 0x0000000082100000, 0x0000000082200000|  0%| F|  |TAMS 0x0000000082100000, 0x0000000082100000| Untracked 
|  34|0x0000000082200000, 0x0000000082200000, 0x0000000082300000|  0%| F|  |TAMS 0x0000000082200000, 0x0000000082200000| Untracked 
|  35|0x0000000082300000, 0x0000000082300000, 0x0000000082400000|  0%| F|  |TAMS 0x0000000082300000, 0x0000000082300000| Untracked 
|  36|0x0000000082400000, 0x0000000082400000, 0x0000000082500000|  0%| F|  |TAMS 0x0000000082400000, 0x0000000082400000| Untracked 
|  37|0x0000000082500000, 0x0000000082500000, 0x0000000082600000|  0%| F|  |TAMS 0x0000000082500000, 0x0000000082500000| Untracked 
|  38|0x0000000082600000, 0x0000000082600000, 0x0000000082700000|  0%| F|  |TAMS 0x0000000082600000, 0x0000000082600000| Untracked 
|  39|0x0000000082700000, 0x0000000082700000, 0x0000000082800000|  0%| F|  |TAMS 0x0000000082700000, 0x0000000082700000| Untracked 
|  40|0x0000000082800000, 0x0000000082800000, 0x0000000082900000|  0%| F|  |TAMS 0x0000000082800000, 0x0000000082800000| Untracked 
|  41|0x0000000082900000, 0x0000000082900000, 0x0000000082a00000|  0%| F|  |TAMS 0x0000000082900000, 0x0000000082900000| Untracked 
|  42|0x0000000082a00000, 0x0000000082a00000, 0x0000000082b00000|  0%| F|  |TAMS 0x0000000082a00000, 0x0000000082a00000| Untracked 
|  43|0x0000000082b00000, 0x0000000082b00000, 0x0000000082c00000|  0%| F|  |TAMS 0x0000000082b00000, 0x0000000082b00000| Untracked 
|  44|0x0000000082c00000, 0x0000000082c00000, 0x0000000082d00000|  0%| F|  |TAMS 0x0000000082c00000, 0x0000000082c00000| Untracked 
|  45|0x0000000082d00000, 0x0000000082d00000, 0x0000000082e00000|  0%| F|  |TAMS 0x0000000082d00000, 0x0000000082d00000| Untracked 
|  46|0x0000000082e00000, 0x0000000082e00000, 0x0000000082f00000|  0%| F|  |TAMS 0x0000000082e00000, 0x0000000082e00000| Untracked 
|  47|0x0000000082f00000, 0x0000000082f00000, 0x0000000083000000|  0%| F|  |TAMS 0x0000000082f00000, 0x0000000082f00000| Untracked 
|  48|0x0000000083000000, 0x0000000083000000, 0x0000000083100000|  0%| F|  |TAMS 0x0000000083000000, 0x0000000083000000| Untracked 
|  49|0x0000000083100000, 0x0000000083100000, 0x0000000083200000|  0%| F|  |TAMS 0x0000000083100000, 0x0000000083100000| Untracked 
|  50|0x0000000083200000, 0x0000000083200000, 0x0000000083300000|  0%| F|  |TAMS 0x0000000083200000, 0x0000000083200000| Untracked 
|  51|0x0000000083300000, 0x0000000083300000, 0x0000000083400000|  0%| F|  |TAMS 0x0000000083300000, 0x0000000083300000| Untracked 
|  52|0x0000000083400000, 0x0000000083400000, 0x0000000083500000|  0%| F|  |TAMS 0x0000000083400000, 0x0000000083400000| Untracked 
|  53|0x0000000083500000, 0x0000000083500000, 0x0000000083600000|  0%| F|  |TAMS 0x0000000083500000, 0x0000000083500000| Untracked 
|  54|0x0000000083600000, 0x0000000083600000, 0x0000000083700000|  0%| F|  |TAMS 0x0000000083600000, 0x0000000083600000| Untracked 
|  55|0x0000000083700000, 0x0000000083700000, 0x0000000083800000|  0%| F|  |TAMS 0x0000000083700000, 0x0000000083700000| Untracked 
|  56|0x0000000083800000, 0x0000000083800000, 0x0000000083900000|  0%| F|  |TAMS 0x0000000083800000, 0x0000000083800000| Untracked 
|  57|0x0000000083900000, 0x0000000083900000, 0x0000000083a00000|  0%| F|  |TAMS 0x0000000083900000, 0x0000000083900000| Untracked 
|  58|0x0000000083a00000, 0x0000000083a00000, 0x0000000083b00000|  0%| F|  |TAMS 0x0000000083a00000, 0x0000000083a00000| Untracked 
|  59|0x0000000083b00000, 0x0000000083b00000, 0x0000000083c00000|  0%| F|  |TAMS 0x0000000083b00000, 0x0000000083b00000| Untracked 
|  60|0x0000000083c00000, 0x0000000083c00000, 0x0000000083d00000|  0%| F|  |TAMS 0x0000000083c00000, 0x0000000083c00000| Untracked 
|  61|0x0000000083d00000, 0x0000000083d00000, 0x0000000083e00000|  0%| F|  |TAMS 0x0000000083d00000, 0x0000000083d00000| Untracked 
|  62|0x0000000083e00000, 0x0000000083e00000, 0x0000000083f00000|  0%| F|  |TAMS 0x0000000083e00000, 0x0000000083e00000| Untracked 
|  63|0x0000000083f00000, 0x0000000083f00000, 0x0000000084000000|  0%| F|  |TAMS 0x0000000083f00000, 0x0000000083f00000| Untracked 
|  64|0x0000000084000000, 0x0000000084000000, 0x0000000084100000|  0%| F|  |TAMS 0x0000000084000000, 0x0000000084000000| Untracked 
|  65|0x0000000084100000, 0x00000000841b6690, 0x0000000084200000| 71%| S|CS|TAMS 0x0000000084100000, 0x0000000084100000| Complete 
|  66|0x0000000084200000, 0x0000000084300000, 0x0000000084300000|100%| S|CS|TAMS 0x0000000084200000, 0x0000000084200000| Complete 
|  67|0x0000000084300000, 0x0000000084400000, 0x0000000084400000|100%| S|CS|TAMS 0x0000000084300000, 0x0000000084300000| Complete 
|  68|0x0000000084400000, 0x0000000084500000, 0x0000000084500000|100%| S|CS|TAMS 0x0000000084400000, 0x0000000084400000| Complete 
|  69|0x0000000084500000, 0x0000000084600000, 0x0000000084600000|100%| S|CS|TAMS 0x0000000084500000, 0x0000000084500000| Complete 
|  70|0x0000000084600000, 0x0000000084600000, 0x0000000084700000|  0%| F|  |TAMS 0x0000000084600000, 0x0000000084600000| Untracked 
|  71|0x0000000084700000, 0x0000000084700000, 0x0000000084800000|  0%| F|  |TAMS 0x0000000084700000, 0x0000000084700000| Untracked 
|  72|0x0000000084800000, 0x0000000084800000, 0x0000000084900000|  0%| F|  |TAMS 0x0000000084800000, 0x0000000084800000| Untracked 
|  73|0x0000000084900000, 0x0000000084900000, 0x0000000084a00000|  0%| F|  |TAMS 0x0000000084900000, 0x0000000084900000| Untracked 
|  74|0x0000000084a00000, 0x0000000084a00000, 0x0000000084b00000|  0%| F|  |TAMS 0x0000000084a00000, 0x0000000084a00000| Untracked 
|  75|0x0000000084b00000, 0x0000000084b00000, 0x0000000084c00000|  0%| F|  |TAMS 0x0000000084b00000, 0x0000000084b00000| Untracked 
|  76|0x0000000084c00000, 0x0000000084c00000, 0x0000000084d00000|  0%| F|  |TAMS 0x0000000084c00000, 0x0000000084c00000| Untracked 
|  77|0x0000000084d00000, 0x0000000084d00000, 0x0000000084e00000|  0%| F|  |TAMS 0x0000000084d00000, 0x0000000084d00000| Untracked 
|  78|0x0000000084e00000, 0x0000000084e00000, 0x0000000084f00000|  0%| F|  |TAMS 0x0000000084e00000, 0x0000000084e00000| Untracked 
|  79|0x0000000084f00000, 0x0000000085000000, 0x0000000085000000|100%| S|CS|TAMS 0x0000000084f00000, 0x0000000084f00000| Complete 
|  80|0x0000000085000000, 0x0000000085100000, 0x0000000085100000|100%| S|CS|TAMS 0x0000000085000000, 0x0000000085000000| Complete 
|  81|0x0000000085100000, 0x0000000085200000, 0x0000000085200000|100%| S|CS|TAMS 0x0000000085100000, 0x0000000085100000| Complete 
|  82|0x0000000085200000, 0x0000000085200000, 0x0000000085300000|  0%| F|  |TAMS 0x0000000085200000, 0x0000000085200000| Untracked 
|  83|0x0000000085300000, 0x0000000085300000, 0x0000000085400000|  0%| F|  |TAMS 0x0000000085300000, 0x0000000085300000| Untracked 
|  84|0x0000000085400000, 0x0000000085400000, 0x0000000085500000|  0%| F|  |TAMS 0x0000000085400000, 0x0000000085400000| Untracked 
|  85|0x0000000085500000, 0x0000000085500000, 0x0000000085600000|  0%| F|  |TAMS 0x0000000085500000, 0x0000000085500000| Untracked 
|  86|0x0000000085600000, 0x0000000085600000, 0x0000000085700000|  0%| F|  |TAMS 0x0000000085600000, 0x0000000085600000| Untracked 
|  87|0x0000000085700000, 0x0000000085700000, 0x0000000085800000|  0%| F|  |TAMS 0x0000000085700000, 0x0000000085700000| Untracked 
|  88|0x0000000085800000, 0x0000000085800000, 0x0000000085900000|  0%| F|  |TAMS 0x0000000085800000, 0x0000000085800000| Untracked 
|  89|0x0000000085900000, 0x0000000085900000, 0x0000000085a00000|  0%| F|  |TAMS 0x0000000085900000, 0x0000000085900000| Untracked 
|  90|0x0000000085a00000, 0x0000000085a00000, 0x0000000085b00000|  0%| F|  |TAMS 0x0000000085a00000, 0x0000000085a00000| Untracked 
|  91|0x0000000085b00000, 0x0000000085b00000, 0x0000000085c00000|  0%| F|  |TAMS 0x0000000085b00000, 0x0000000085b00000| Untracked 
|  92|0x0000000085c00000, 0x0000000085c00000, 0x0000000085d00000|  0%| F|  |TAMS 0x0000000085c00000, 0x0000000085c00000| Untracked 
|  93|0x0000000085d00000, 0x0000000085d00000, 0x0000000085e00000|  0%| F|  |TAMS 0x0000000085d00000, 0x0000000085d00000| Untracked 
|  94|0x0000000085e00000, 0x0000000085e00000, 0x0000000085f00000|  0%| F|  |TAMS 0x0000000085e00000, 0x0000000085e00000| Untracked 
|  95|0x0000000085f00000, 0x0000000085f00000, 0x0000000086000000|  0%| F|  |TAMS 0x0000000085f00000, 0x0000000085f00000| Untracked 
|  96|0x0000000086000000, 0x0000000086000000, 0x0000000086100000|  0%| F|  |TAMS 0x0000000086000000, 0x0000000086000000| Untracked 
|  97|0x0000000086100000, 0x0000000086100000, 0x0000000086200000|  0%| F|  |TAMS 0x0000000086100000, 0x0000000086100000| Untracked 
|  98|0x0000000086200000, 0x0000000086200000, 0x0000000086300000|  0%| F|  |TAMS 0x0000000086200000, 0x0000000086200000| Untracked 
|  99|0x0000000086300000, 0x0000000086300000, 0x0000000086400000|  0%| F|  |TAMS 0x0000000086300000, 0x0000000086300000| Untracked 
| 100|0x0000000086400000, 0x0000000086400000, 0x0000000086500000|  0%| F|  |TAMS 0x0000000086400000, 0x0000000086400000| Untracked 
| 101|0x0000000086500000, 0x0000000086500000, 0x0000000086600000|  0%| F|  |TAMS 0x0000000086500000, 0x0000000086500000| Untracked 
| 102|0x0000000086600000, 0x0000000086600000, 0x0000000086700000|  0%| F|  |TAMS 0x0000000086600000, 0x0000000086600000| Untracked 
| 103|0x0000000086700000, 0x0000000086700000, 0x0000000086800000|  0%| F|  |TAMS 0x0000000086700000, 0x0000000086700000| Untracked 
| 104|0x0000000086800000, 0x0000000086800000, 0x0000000086900000|  0%| F|  |TAMS 0x0000000086800000, 0x0000000086800000| Untracked 
| 105|0x0000000086900000, 0x0000000086900000, 0x0000000086a00000|  0%| F|  |TAMS 0x0000000086900000, 0x0000000086900000| Untracked 
| 106|0x0000000086a00000, 0x0000000086a00000, 0x0000000086b00000|  0%| F|  |TAMS 0x0000000086a00000, 0x0000000086a00000| Untracked 
| 107|0x0000000086b00000, 0x0000000086b00000, 0x0000000086c00000|  0%| F|  |TAMS 0x0000000086b00000, 0x0000000086b00000| Untracked 
| 108|0x0000000086c00000, 0x0000000086c00000, 0x0000000086d00000|  0%| F|  |TAMS 0x0000000086c00000, 0x0000000086c00000| Untracked 
| 109|0x0000000086d00000, 0x0000000086d00000, 0x0000000086e00000|  0%| F|  |TAMS 0x0000000086d00000, 0x0000000086d00000| Untracked 
| 110|0x0000000086e00000, 0x0000000086e00000, 0x0000000086f00000|  0%| F|  |TAMS 0x0000000086e00000, 0x0000000086e00000| Untracked 
| 111|0x0000000086f00000, 0x0000000086f00000, 0x0000000087000000|  0%| F|  |TAMS 0x0000000086f00000, 0x0000000086f00000| Untracked 
| 112|0x0000000087000000, 0x0000000087000000, 0x0000000087100000|  0%| F|  |TAMS 0x0000000087000000, 0x0000000087000000| Untracked 
| 113|0x0000000087100000, 0x0000000087100000, 0x0000000087200000|  0%| F|  |TAMS 0x0000000087100000, 0x0000000087100000| Untracked 
| 114|0x0000000087200000, 0x0000000087200000, 0x0000000087300000|  0%| F|  |TAMS 0x0000000087200000, 0x0000000087200000| Untracked 
| 115|0x0000000087300000, 0x0000000087300000, 0x0000000087400000|  0%| F|  |TAMS 0x0000000087300000, 0x0000000087300000| Untracked 
| 116|0x0000000087400000, 0x0000000087400000, 0x0000000087500000|  0%| F|  |TAMS 0x0000000087400000, 0x0000000087400000| Untracked 
| 117|0x0000000087500000, 0x0000000087500000, 0x0000000087600000|  0%| F|  |TAMS 0x0000000087500000, 0x0000000087500000| Untracked 
| 118|0x0000000087600000, 0x0000000087600000, 0x0000000087700000|  0%| F|  |TAMS 0x0000000087600000, 0x0000000087600000| Untracked 
| 119|0x0000000087700000, 0x0000000087700000, 0x0000000087800000|  0%| F|  |TAMS 0x0000000087700000, 0x0000000087700000| Untracked 
| 120|0x0000000087800000, 0x0000000087800000, 0x0000000087900000|  0%| F|  |TAMS 0x0000000087800000, 0x0000000087800000| Untracked 
| 121|0x0000000087900000, 0x0000000087900000, 0x0000000087a00000|  0%| F|  |TAMS 0x0000000087900000, 0x0000000087900000| Untracked 
| 122|0x0000000087a00000, 0x0000000087a00000, 0x0000000087b00000|  0%| F|  |TAMS 0x0000000087a00000, 0x0000000087a00000| Untracked 
| 123|0x0000000087b00000, 0x0000000087b00000, 0x0000000087c00000|  0%| F|  |TAMS 0x0000000087b00000, 0x0000000087b00000| Untracked 
| 124|0x0000000087c00000, 0x0000000087c00000, 0x0000000087d00000|  0%| F|  |TAMS 0x0000000087c00000, 0x0000000087c00000| Untracked 
| 125|0x0000000087d00000, 0x0000000087d00000, 0x0000000087e00000|  0%| F|  |TAMS 0x0000000087d00000, 0x0000000087d00000| Untracked 
| 126|0x0000000087e00000, 0x0000000087e00000, 0x0000000087f00000|  0%| F|  |TAMS 0x0000000087e00000, 0x0000000087e00000| Untracked 
| 127|0x0000000087f00000, 0x0000000087f00000, 0x0000000088000000|  0%| F|  |TAMS 0x0000000087f00000, 0x0000000087f00000| Untracked 
| 128|0x0000000088000000, 0x0000000088000000, 0x0000000088100000|  0%| F|  |TAMS 0x0000000088000000, 0x0000000088000000| Untracked 
| 129|0x0000000088100000, 0x0000000088100000, 0x0000000088200000|  0%| F|  |TAMS 0x0000000088100000, 0x0000000088100000| Untracked 
| 130|0x0000000088200000, 0x0000000088200000, 0x0000000088300000|  0%| F|  |TAMS 0x0000000088200000, 0x0000000088200000| Untracked 
| 131|0x0000000088300000, 0x0000000088300000, 0x0000000088400000|  0%| F|  |TAMS 0x0000000088300000, 0x0000000088300000| Untracked 
| 132|0x0000000088400000, 0x0000000088400000, 0x0000000088500000|  0%| F|  |TAMS 0x0000000088400000, 0x0000000088400000| Untracked 
| 133|0x0000000088500000, 0x0000000088500000, 0x0000000088600000|  0%| F|  |TAMS 0x0000000088500000, 0x0000000088500000| Untracked 
| 134|0x0000000088600000, 0x0000000088600000, 0x0000000088700000|  0%| F|  |TAMS 0x0000000088600000, 0x0000000088600000| Untracked 
| 135|0x0000000088700000, 0x0000000088700000, 0x0000000088800000|  0%| F|  |TAMS 0x0000000088700000, 0x0000000088700000| Untracked 
| 136|0x0000000088800000, 0x0000000088800000, 0x0000000088900000|  0%| F|  |TAMS 0x0000000088800000, 0x0000000088800000| Untracked 
| 137|0x0000000088900000, 0x0000000088900000, 0x0000000088a00000|  0%| F|  |TAMS 0x0000000088900000, 0x0000000088900000| Untracked 
| 138|0x0000000088a00000, 0x0000000088a00000, 0x0000000088b00000|  0%| F|  |TAMS 0x0000000088a00000, 0x0000000088a00000| Untracked 
| 139|0x0000000088b00000, 0x0000000088b00000, 0x0000000088c00000|  0%| F|  |TAMS 0x0000000088b00000, 0x0000000088b00000| Untracked 
| 140|0x0000000088c00000, 0x0000000088c00000, 0x0000000088d00000|  0%| F|  |TAMS 0x0000000088c00000, 0x0000000088c00000| Untracked 
| 141|0x0000000088d00000, 0x0000000088d00000, 0x0000000088e00000|  0%| F|  |TAMS 0x0000000088d00000, 0x0000000088d00000| Untracked 
| 142|0x0000000088e00000, 0x0000000088e00000, 0x0000000088f00000|  0%| F|  |TAMS 0x0000000088e00000, 0x0000000088e00000| Untracked 
| 143|0x0000000088f00000, 0x0000000088f00000, 0x0000000089000000|  0%| F|  |TAMS 0x0000000088f00000, 0x0000000088f00000| Untracked 
| 144|0x0000000089000000, 0x0000000089000000, 0x0000000089100000|  0%| F|  |TAMS 0x0000000089000000, 0x0000000089000000| Untracked 
| 145|0x0000000089100000, 0x0000000089100000, 0x0000000089200000|  0%| F|  |TAMS 0x0000000089100000, 0x0000000089100000| Untracked 
| 146|0x0000000089200000, 0x0000000089200000, 0x0000000089300000|  0%| F|  |TAMS 0x0000000089200000, 0x0000000089200000| Untracked 
| 147|0x0000000089300000, 0x0000000089300000, 0x0000000089400000|  0%| F|  |TAMS 0x0000000089300000, 0x0000000089300000| Untracked 
| 148|0x0000000089400000, 0x0000000089400000, 0x0000000089500000|  0%| F|  |TAMS 0x0000000089400000, 0x0000000089400000| Untracked 
| 149|0x0000000089500000, 0x0000000089500000, 0x0000000089600000|  0%| F|  |TAMS 0x0000000089500000, 0x0000000089500000| Untracked 
| 150|0x0000000089600000, 0x0000000089600000, 0x0000000089700000|  0%| F|  |TAMS 0x0000000089600000, 0x0000000089600000| Untracked 
| 151|0x0000000089700000, 0x0000000089700000, 0x0000000089800000|  0%| F|  |TAMS 0x0000000089700000, 0x0000000089700000| Untracked 
| 152|0x0000000089800000, 0x0000000089800000, 0x0000000089900000|  0%| F|  |TAMS 0x0000000089800000, 0x0000000089800000| Untracked 
| 153|0x0000000089900000, 0x0000000089900000, 0x0000000089a00000|  0%| F|  |TAMS 0x0000000089900000, 0x0000000089900000| Untracked 
| 154|0x0000000089a00000, 0x0000000089a00000, 0x0000000089b00000|  0%| F|  |TAMS 0x0000000089a00000, 0x0000000089a00000| Untracked 
| 155|0x0000000089b00000, 0x0000000089b00000, 0x0000000089c00000|  0%| F|  |TAMS 0x0000000089b00000, 0x0000000089b00000| Untracked 
| 156|0x0000000089c00000, 0x0000000089c00000, 0x0000000089d00000|  0%| F|  |TAMS 0x0000000089c00000, 0x0000000089c00000| Untracked 
| 157|0x0000000089d00000, 0x0000000089d00000, 0x0000000089e00000|  0%| F|  |TAMS 0x0000000089d00000, 0x0000000089d00000| Untracked 
| 158|0x0000000089e00000, 0x0000000089e00000, 0x0000000089f00000|  0%| F|  |TAMS 0x0000000089e00000, 0x0000000089e00000| Untracked 
| 159|0x0000000089f00000, 0x0000000089f00000, 0x000000008a000000|  0%| F|  |TAMS 0x0000000089f00000, 0x0000000089f00000| Untracked 
| 160|0x000000008a000000, 0x000000008a000000, 0x000000008a100000|  0%| F|  |TAMS 0x000000008a000000, 0x000000008a000000| Untracked 
| 161|0x000000008a100000, 0x000000008a196c78, 0x000000008a200000| 58%| E|  |TAMS 0x000000008a100000, 0x000000008a100000| Complete 
| 162|0x000000008a200000, 0x000000008a300000, 0x000000008a300000|100%| E|CS|TAMS 0x000000008a200000, 0x000000008a200000| Complete 
| 163|0x000000008a300000, 0x000000008a400000, 0x000000008a400000|100%| E|  |TAMS 0x000000008a300000, 0x000000008a300000| Complete 
| 164|0x000000008a400000, 0x000000008a500000, 0x000000008a500000|100%| E|CS|TAMS 0x000000008a400000, 0x000000008a400000| Complete 
| 165|0x000000008a500000, 0x000000008a600000, 0x000000008a600000|100%| E|CS|TAMS 0x000000008a500000, 0x000000008a500000| Complete 
| 166|0x000000008a600000, 0x000000008a700000, 0x000000008a700000|100%| E|CS|TAMS 0x000000008a600000, 0x000000008a600000| Complete 
| 167|0x000000008a700000, 0x000000008a800000, 0x000000008a800000|100%| E|CS|TAMS 0x000000008a700000, 0x000000008a700000| Complete 
| 168|0x000000008a800000, 0x000000008a900000, 0x000000008a900000|100%| E|CS|TAMS 0x000000008a800000, 0x000000008a800000| Complete 
| 169|0x000000008a900000, 0x000000008aa00000, 0x000000008aa00000|100%| E|CS|TAMS 0x000000008a900000, 0x000000008a900000| Complete 
| 170|0x000000008aa00000, 0x000000008ab00000, 0x000000008ab00000|100%| E|CS|TAMS 0x000000008aa00000, 0x000000008aa00000| Complete 
| 171|0x000000008ab00000, 0x000000008ac00000, 0x000000008ac00000|100%| E|CS|TAMS 0x000000008ab00000, 0x000000008ab00000| Complete 
| 172|0x000000008ac00000, 0x000000008ad00000, 0x000000008ad00000|100%| E|CS|TAMS 0x000000008ac00000, 0x000000008ac00000| Complete 
| 173|0x000000008ad00000, 0x000000008ae00000, 0x000000008ae00000|100%| E|CS|TAMS 0x000000008ad00000, 0x000000008ad00000| Complete 
| 174|0x000000008ae00000, 0x000000008af00000, 0x000000008af00000|100%| E|CS|TAMS 0x000000008ae00000, 0x000000008ae00000| Complete 
| 175|0x000000008af00000, 0x000000008b000000, 0x000000008b000000|100%| E|CS|TAMS 0x000000008af00000, 0x000000008af00000| Complete 
| 176|0x000000008b000000, 0x000000008b100000, 0x000000008b100000|100%| E|CS|TAMS 0x000000008b000000, 0x000000008b000000| Complete 
| 177|0x000000008b100000, 0x000000008b200000, 0x000000008b200000|100%| E|CS|TAMS 0x000000008b100000, 0x000000008b100000| Complete 
| 178|0x000000008b200000, 0x000000008b300000, 0x000000008b300000|100%| E|CS|TAMS 0x000000008b200000, 0x000000008b200000| Complete 
| 179|0x000000008b300000, 0x000000008b400000, 0x000000008b400000|100%| E|CS|TAMS 0x000000008b300000, 0x000000008b300000| Complete 
| 180|0x000000008b400000, 0x000000008b500000, 0x000000008b500000|100%| E|CS|TAMS 0x000000008b400000, 0x000000008b400000| Complete 
| 181|0x000000008b500000, 0x000000008b600000, 0x000000008b600000|100%| E|CS|TAMS 0x000000008b500000, 0x000000008b500000| Complete 
| 182|0x000000008b600000, 0x000000008b700000, 0x000000008b700000|100%| E|CS|TAMS 0x000000008b600000, 0x000000008b600000| Complete 
| 183|0x000000008b700000, 0x000000008b800000, 0x000000008b800000|100%| E|CS|TAMS 0x000000008b700000, 0x000000008b700000| Complete 
| 184|0x000000008b800000, 0x000000008b900000, 0x000000008b900000|100%| E|CS|TAMS 0x000000008b800000, 0x000000008b800000| Complete 

Card table byte_map: [0x0000005539db0000,0x000000553a1b0000] _byte_map_base: 0x00000055399b0000

Marking Bits (Prev, Next): (CMBitMap*) 0x0000005526f36348, (CMBitMap*) 0x0000005526f36380
 Prev Bits: [0x000000553a5b0000, 0x000000553c5b0000)
 Next Bits: [0x000000553c5b0000, 0x000000553e5b0000)

Polling page: 0x0000005524d50000

Metaspace:

Usage:
  Non-class:     40.99 MB capacity,    40.25 MB ( 98%) used,   632.66 KB (  2%) free+waste,   122.88 KB ( <1%) overhead. 
      Class:      6.32 MB capacity,     5.89 MB ( 93%) used,   375.77 KB (  6%) free+waste,    58.50 KB ( <1%) overhead. 
       Both:     47.30 MB capacity,    46.14 MB ( 98%) used,  1008.43 KB (  2%) free+waste,   181.38 KB ( <1%) overhead. 

Virtual space:
  Non-class space:       42.00 MB reserved,      41.00 MB ( 98%) committed 
      Class space:        1.00 GB reserved,       6.38 MB ( <1%) committed 
             Both:        1.04 GB reserved,      47.38 MB (  4%) committed 

Chunk freelists:
   Non-Class:  13.00 KB
       Class:  0 bytes
        Both:  13.00 KB

MaxMetaspaceSize: 17179869184.00 GB
CompressedClassSpaceSize: 1.00 GB

CodeHeap 'non-profiled nmethods': size=120064Kb used=2678Kb max_used=2678Kb free=117385Kb
 bounds [0x0000005532470000, 0x0000005532710000, 0x00000055399b0000]
CodeHeap 'profiled nmethods': size=120000Kb used=10294Kb max_used=10294Kb free=109705Kb
 bounds [0x000000552af40000, 0x000000552b950000, 0x0000005532470000]
CodeHeap 'non-nmethods': size=5696Kb used=2216Kb max_used=2263Kb free=3479Kb
 bounds [0x000000552a9b0000, 0x000000552ac20000, 0x000000552af40000]
 total_blobs=5828 nmethods=5041 adapters=698
 compilation: enabled
              stopped_count=0, restarted_count=0
 full_count=0

Compilation events (20 events):
Event: 20.284 Thread 0x0000005541865000 5048       3       java.io.RandomAccessFile::<init> (263 bytes)
Event: 20.287 Thread 0x0000005541865000 nmethod 5048 0x000000552b941c10 code [0x000000552b942080, 0x000000552b943fa8]
Event: 20.417 Thread 0x0000005541865000 5049       3       java.util.jar.JarFile::getManEntry (91 bytes)
Event: 20.418 Thread 0x0000005541865000 nmethod 5049 0x000000552b944b10 code [0x000000552b944de0, 0x000000552b945d18]
Event: 20.495 Thread 0x000000554185d800 5050 %     4       java.util.jar.JarFile::match @ 14 (132 bytes)
Event: 20.506 Thread 0x000000554185d800 nmethod 5050% 0x000000553270c710 code [0x000000553270c8c0, 0x000000553270cc98]
Event: 21.109 Thread 0x0000005541865000 5051       3       jdk.internal.loader.URLClassPath$3::run (172 bytes)
Event: 21.111 Thread 0x0000005541865000 nmethod 5051 0x000000552b946210 code [0x000000552b946540, 0x000000552b947688]
Event: 21.111 Thread 0x0000005541865000 5052   !   3       jdk.internal.loader.URLClassPath$JarLoader$1::run (175 bytes)
Event: 21.113 Thread 0x0000005541865000 nmethod 5052 0x000000552b947d10 code [0x000000552b948000, 0x000000552b9490b8]
Event: 21.480 Thread 0x000000554185d800 5053       4       java.util.jar.JarFile::match (132 bytes)
Event: 21.487 Thread 0x000000554185d800 nmethod 5053 0x000000553270cf90 code [0x000000553270d140, 0x000000553270d458]
Event: 21.587 Thread 0x0000005541865000 5055       3       java.lang.invoke.LambdaFormEditor$Transform::of (49 bytes)
Event: 21.588 Thread 0x0000005541865000 nmethod 5055 0x000000552b949810 code [0x000000552b949a60, 0x000000552b94a338]
Event: 21.588 Thread 0x0000005541865000 5056       3       java.lang.invoke.LambdaFormEditor$Transform::packedBytes (32 bytes)
Event: 21.588 Thread 0x0000005541865000 nmethod 5056 0x000000552b94a690 code [0x000000552b94a840, 0x000000552b94a938]
Event: 21.589 Thread 0x0000005541865000 5057       3       java.lang.invoke.LambdaFormEditor::bindArgumentType (101 bytes)
Event: 21.589 Thread 0x0000005541865000 nmethod 5057 0x000000552b94aa10 code [0x000000552b94abe0, 0x000000552b94ade8]
Event: 21.589 Thread 0x0000005541865000 5058       3       java.lang.invoke.LambdaFormEditor::bindArgumentForm (269 bytes)
Event: 21.592 Thread 0x0000005541865000 nmethod 5058 0x000000552b94af10 code [0x000000552b94b2e0, 0x000000552b94cb88]

GC Heap History (20 events):
Event: 1.181 GC heap before
{Heap before GC invocations=0 (full 0):
 garbage-first heap   total 131072K, used 19456K [0x0000000080000000, 0x0000000100000000)
  region size 1024K, 14 young (14336K), 0 survivors (0K)
 Metaspace       used 6769K, capacity 7001K, committed 7168K, reserved 1056768K
  class space    used 584K, capacity 650K, committed 768K, reserved 1048576K
}
Event: 1.195 GC heap after
{Heap after GC invocations=1 (full 0):
 garbage-first heap   total 131072K, used 7879K [0x0000000080000000, 0x0000000100000000)
  region size 1024K, 2 young (2048K), 2 survivors (2048K)
 Metaspace       used 6769K, capacity 7001K, committed 7168K, reserved 1056768K
  class space    used 584K, capacity 650K, committed 768K, reserved 1048576K
}
Event: 1.731 GC heap before
{Heap before GC invocations=1 (full 0):
 garbage-first heap   total 131072K, used 19143K [0x0000000080000000, 0x0000000100000000)
  region size 1024K, 13 young (13312K), 2 survivors (2048K)
 Metaspace       used 10221K, capacity 10437K, committed 10624K, reserved 1058816K
  class space    used 1065K, capacity 1139K, committed 1152K, reserved 1048576K
}
Event: 1.736 GC heap after
{Heap after GC invocations=2 (full 0):
 garbage-first heap   total 131072K, used 9367K [0x0000000080000000, 0x0000000100000000)
  region size 1024K, 2 young (2048K), 2 survivors (2048K)
 Metaspace       used 10221K, capacity 10437K, committed 10624K, reserved 1058816K
  class space    used 1065K, capacity 1139K, committed 1152K, reserved 1048576K
}
Event: 2.201 GC heap before
{Heap before GC invocations=2 (full 0):
 garbage-first heap   total 131072K, used 37015K [0x0000000080000000, 0x0000000100000000)
  region size 1024K, 29 young (29696K), 2 survivors (2048K)
 Metaspace       used 11165K, capacity 11454K, committed 11520K, reserved 1058816K
  class space    used 1167K, capacity 1243K, committed 1280K, reserved 1048576K
}
Event: 2.207 GC heap after
{Heap after GC invocations=3 (full 0):
 garbage-first heap   total 131072K, used 12126K [0x0000000080000000, 0x0000000100000000)
  region size 1024K, 3 young (3072K), 3 survivors (3072K)
 Metaspace       used 11165K, capacity 11454K, committed 11520K, reserved 1058816K
  class space    used 1167K, capacity 1243K, committed 1280K, reserved 1048576K
}
Event: 3.964 GC heap before
{Heap before GC invocations=3 (full 0):
 garbage-first heap   total 131072K, used 64350K [0x0000000080000000, 0x0000000100000000)
  region size 1024K, 54 young (55296K), 3 survivors (3072K)
 Metaspace       used 19008K, capacity 19440K, committed 19584K, reserved 1067008K
  class space    used 2283K, capacity 2407K, committed 2432K, reserved 1048576K
}
Event: 3.977 GC heap after
{Heap after GC invocations=4 (full 0):
 garbage-first heap   total 131072K, used 16003K [0x0000000080000000, 0x0000000100000000)
  region size 1024K, 7 young (7168K), 7 survivors (7168K)
 Metaspace       used 19008K, capacity 19440K, committed 19584K, reserved 1067008K
  class space    used 2283K, capacity 2407K, committed 2432K, reserved 1048576K
}
Event: 4.202 GC heap before
{Heap before GC invocations=4 (full 0):
 garbage-first heap   total 131072K, used 29315K [0x0000000080000000, 0x0000000100000000)
  region size 1024K, 21 young (21504K), 7 survivors (7168K)
 Metaspace       used 20615K, capacity 21109K, committed 21248K, reserved 1067008K
  class space    used 2508K, capacity 2692K, committed 2816K, reserved 1048576K
}
Event: 4.216 GC heap after
{Heap after GC invocations=5 (full 0):
 garbage-first heap   total 131072K, used 16794K [0x0000000080000000, 0x0000000100000000)
  region size 1024K, 1 young (1024K), 1 survivors (1024K)
 Metaspace       used 20615K, capacity 21109K, committed 21248K, reserved 1067008K
  class space    used 2508K, capacity 2692K, committed 2816K, reserved 1048576K
}
Event: 5.262 GC heap before
{Heap before GC invocations=6 (full 0):
 garbage-first heap   total 131072K, used 63898K [0x0000000080000000, 0x0000000100000000)
  region size 1024K, 47 young (48128K), 1 survivors (1024K)
 Metaspace       used 25465K, capacity 26115K, committed 26368K, reserved 1073152K
  class space    used 3310K, capacity 3536K, committed 3584K, reserved 1048576K
}
Event: 5.272 GC heap after
{Heap after GC invocations=7 (full 0):
 garbage-first heap   total 157696K, used 18200K [0x0000000080000000, 0x0000000100000000)
  region size 1024K, 3 young (3072K), 3 survivors (3072K)
 Metaspace       used 25465K, capacity 26115K, committed 26368K, reserved 1073152K
  class space    used 3310K, capacity 3536K, committed 3584K, reserved 1048576K
}
Event: 6.843 GC heap before
{Heap before GC invocations=7 (full 0):
 garbage-first heap   total 157696K, used 77592K [0x0000000080000000, 0x0000000100000000)
  region size 1024K, 61 young (62464K), 3 survivors (3072K)
 Metaspace       used 34319K, capacity 35087K, committed 35328K, reserved 1079296K
  class space    used 4465K, capacity 4764K, committed 4864K, reserved 1048576K
}
Event: 6.857 GC heap after
{Heap after GC invocations=8 (full 0):
 garbage-first heap   total 157696K, used 21574K [0x0000000080000000, 0x0000000100000000)
  region size 1024K, 6 young (6144K), 6 survivors (6144K)
 Metaspace       used 34319K, capacity 35087K, committed 35328K, reserved 1079296K
  class space    used 4465K, capacity 4764K, committed 4864K, reserved 1048576K
}
Event: 6.943 GC heap before
{Heap before GC invocations=8 (full 0):
 garbage-first heap   total 157696K, used 24646K [0x0000000080000000, 0x0000000100000000)
  region size 1024K, 10 young (10240K), 6 survivors (6144K)
 Metaspace       used 34979K, capacity 35747K, committed 35840K, reserved 1081344K
  class space    used 4548K, capacity 4834K, committed 4864K, reserved 1048576K
}
Event: 6.958 GC heap after
{Heap after GC invocations=9 (full 0):
 garbage-first heap   total 157696K, used 22941K [0x0000000080000000, 0x0000000100000000)
  region size 1024K, 7 young (7168K), 7 survivors (7168K)
 Metaspace       used 34979K, capacity 35747K, committed 35840K, reserved 1081344K
  class space    used 4548K, capacity 4834K, committed 4864K, reserved 1048576K
}
Event: 8.796 GC heap before
{Heap before GC invocations=10 (full 0):
 garbage-first heap   total 157696K, used 95645K [0x0000000080000000, 0x0000000100000000)
  region size 1024K, 75 young (76800K), 7 survivors (7168K)
 Metaspace       used 40252K, capacity 41178K, committed 41344K, reserved 1085440K
  class space    used 5169K, capacity 5502K, committed 5504K, reserved 1048576K
}
Event: 8.821 GC heap after
{Heap after GC invocations=11 (full 0):
 garbage-first heap   total 157696K, used 27241K [0x0000000080000000, 0x0000000100000000)
  region size 1024K, 9 young (9216K), 9 survivors (9216K)
 Metaspace       used 40252K, capacity 41178K, committed 41344K, reserved 1085440K
  class space    used 5169K, capacity 5502K, committed 5504K, reserved 1048576K
}
Event: 13.583 GC heap before
{Heap before GC invocations=11 (full 0):
 garbage-first heap   total 157696K, used 100969K [0x0000000080000000, 0x0000000100000000)
  region size 1024K, 81 young (82944K), 9 survivors (9216K)
 Metaspace       used 46530K, capacity 47703K, committed 47872K, reserved 1091584K
  class space    used 5958K, capacity 6399K, committed 6400K, reserved 1048576K
}
Event: 13.609 GC heap after
{Heap after GC invocations=12 (full 0):
 garbage-first heap   total 189440K, used 29359K [0x0000000080000000, 0x0000000100000000)
  region size 1024K, 8 young (8192K), 8 survivors (8192K)
 Metaspace       used 46530K, capacity 47703K, committed 47872K, reserved 1091584K
  class space    used 5958K, capacity 6399K, committed 6400K, reserved 1048576K
}

Deoptimization events (20 events):
Event: 16.426 Thread 0x00000055419c5800 DEOPT PACKING pc=0x000000552b5dd0f4 sp=0x0000005547559e80
Event: 16.426 Thread 0x00000055419c5800 DEOPT UNPACKING pc=0x000000552a9d76ce sp=0x0000005547559420 mode 0
Event: 16.806 Thread 0x00000055419c5800 DEOPT PACKING pc=0x000000552b5dd0f4 sp=0x0000005547559e80
Event: 16.806 Thread 0x00000055419c5800 DEOPT UNPACKING pc=0x000000552a9d76ce sp=0x0000005547559420 mode 0
Event: 16.970 Thread 0x0000005544a85800 DEOPT PACKING pc=0x000000552b25487a sp=0x0000005547d5e6a0
Event: 16.970 Thread 0x0000005544a85800 DEOPT UNPACKING pc=0x000000552a9d76ce sp=0x0000005547d5dad8 mode 0
Event: 17.582 Thread 0x00000055419c5800 DEOPT PACKING pc=0x000000552afda3b4 sp=0x0000005547559b50
Event: 17.582 Thread 0x00000055419c5800 DEOPT UNPACKING pc=0x000000552a9d76ce sp=0x00000055475590a0 mode 0
Event: 17.585 Thread 0x00000055419c5800 DEOPT PACKING pc=0x000000552b9220f1 sp=0x0000005547559b10
Event: 17.585 Thread 0x00000055419c5800 DEOPT UNPACKING pc=0x000000552a9d76ce sp=0x0000005547559008 mode 0
Event: 17.955 Thread 0x00000055419c5800 DEOPT PACKING pc=0x000000552b0119c4 sp=0x0000005547551e20
Event: 17.955 Thread 0x00000055419c5800 DEOPT UNPACKING pc=0x000000552a9d76ce sp=0x0000005547551410 mode 0
Event: 18.170 Thread 0x00000055419c5800 DEOPT PACKING pc=0x000000552b011483 sp=0x0000005547551e20
Event: 18.170 Thread 0x00000055419c5800 DEOPT UNPACKING pc=0x000000552a9d76ce sp=0x0000005547551398 mode 0
Event: 18.598 Thread 0x00000055419c5800 Uncommon trap: trap_request=0xffffff4d fr.pc=0x00000055324d3d1c relative=0x000000000000131c
Event: 18.598 Thread 0x00000055419c5800 Uncommon trap: reason=unstable_if action=reinterpret pc=0x00000055324d3d1c method=java.util.jar.JarFile.checkForSpecialAttributes()V @ 53 c2
Event: 18.598 Thread 0x00000055419c5800 DEOPT PACKING pc=0x00000055324d3d1c sp=0x00000055475523d0
Event: 18.598 Thread 0x00000055419c5800 DEOPT UNPACKING pc=0x000000552a9d78af sp=0x0000005547552390 mode 2
Event: 21.480 Thread 0x00000055419c5800 DEOPT PACKING pc=0x000000552b00d82e sp=0x0000005547552330
Event: 21.480 Thread 0x00000055419c5800 DEOPT UNPACKING pc=0x000000552a9d76ce sp=0x00000055475517a0 mode 0

Classes redefined (0 events):
No events

Internal exceptions (20 events):
Event: 18.606 Thread 0x00000055419c5800 Exception <a 'java/security/PrivilegedActionException'{0x000000008a6c19c8}> (0x000000008a6c19c8) thrown at [./src/hotspot/share/prims/jvm.cpp, line 1306]
Event: 18.606 Thread 0x00000055419c5800 Exception <a 'java/security/PrivilegedActionException'{0x000000008a6c29e0}> (0x000000008a6c29e0) thrown at [./src/hotspot/share/prims/jvm.cpp, line 1306]
Event: 19.765 Thread 0x00000055419c5800 Exception <a 'java/security/PrivilegedActionException'{0x000000008a5873d8}> (0x000000008a5873d8) thrown at [./src/hotspot/share/prims/jvm.cpp, line 1306]
Event: 19.766 Thread 0x00000055419c5800 Exception <a 'java/security/PrivilegedActionException'{0x000000008a5883f0}> (0x000000008a5883f0) thrown at [./src/hotspot/share/prims/jvm.cpp, line 1306]
Event: 19.766 Thread 0x00000055419c5800 Exception <a 'java/security/PrivilegedActionException'{0x000000008a58ad70}> (0x000000008a58ad70) thrown at [./src/hotspot/share/prims/jvm.cpp, line 1306]
Event: 19.766 Thread 0x00000055419c5800 Exception <a 'java/security/PrivilegedActionException'{0x000000008a58bd88}> (0x000000008a58bd88) thrown at [./src/hotspot/share/prims/jvm.cpp, line 1306]
Event: 19.766 Thread 0x00000055419c5800 Exception <a 'java/security/PrivilegedActionException'{0x000000008a58e7b8}> (0x000000008a58e7b8) thrown at [./src/hotspot/share/prims/jvm.cpp, line 1306]
Event: 19.766 Thread 0x00000055419c5800 Exception <a 'java/security/PrivilegedActionException'{0x000000008a58f7d0}> (0x000000008a58f7d0) thrown at [./src/hotspot/share/prims/jvm.cpp, line 1306]
Event: 19.766 Thread 0x00000055419c5800 Exception <a 'java/security/PrivilegedActionException'{0x000000008a592158}> (0x000000008a592158) thrown at [./src/hotspot/share/prims/jvm.cpp, line 1306]
Event: 19.766 Thread 0x00000055419c5800 Exception <a 'java/security/PrivilegedActionException'{0x000000008a593170}> (0x000000008a593170) thrown at [./src/hotspot/share/prims/jvm.cpp, line 1306]
Event: 19.767 Thread 0x00000055419c5800 Exception <a 'java/security/PrivilegedActionException'{0x000000008a595b48}> (0x000000008a595b48) thrown at [./src/hotspot/share/prims/jvm.cpp, line 1306]
Event: 19.767 Thread 0x00000055419c5800 Exception <a 'java/security/PrivilegedActionException'{0x000000008a596b60}> (0x000000008a596b60) thrown at [./src/hotspot/share/prims/jvm.cpp, line 1306]
Event: 19.767 Thread 0x00000055419c5800 Exception <a 'java/security/PrivilegedActionException'{0x000000008a599590}> (0x000000008a599590) thrown at [./src/hotspot/share/prims/jvm.cpp, line 1306]
Event: 19.767 Thread 0x00000055419c5800 Exception <a 'java/security/PrivilegedActionException'{0x000000008a59a5a8}> (0x000000008a59a5a8) thrown at [./src/hotspot/share/prims/jvm.cpp, line 1306]
Event: 21.562 Thread 0x00000055419c5800 Exception <a 'java/lang/OutOfMemoryError'{0x000000008a10ca00}> (0x000000008a10ca00) thrown at [./src/hotspot/share/prims/jni.cpp, line 636]
Event: 21.563 Thread 0x00000055419c5800 Exception <a 'java/lang/OutOfMemoryError'{0x000000008a10ca00}> (0x000000008a10ca00) thrown at [./src/hotspot/share/prims/jvm.cpp, line 1310]
Event: 21.563 Thread 0x00000055419c5800 Exception <a 'java/lang/OutOfMemoryError'{0x000000008a10ca00}> (0x000000008a10ca00) thrown at [./src/hotspot/share/prims/jvm.cpp, line 1310]
Event: 21.563 Thread 0x00000055419c5800 Exception <a 'java/lang/OutOfMemoryError'{0x000000008a10ca00}> (0x000000008a10ca00) thrown at [./src/hotspot/share/prims/jvm.cpp, line 1310]
Event: 21.563 Thread 0x00000055419c5800 Exception <a 'java/lang/OutOfMemoryError'{0x000000008a10ca00}> (0x000000008a10ca00) thrown at [./src/hotspot/share/prims/jvm.cpp, line 1310]
Event: 21.587 Thread 0x00000055419c5800 Exception <a 'java/lang/NoSuchMethodError'{0x000000008a136480}: 'long java.lang.invoke.DirectMethodHandle$Holder.invokeVirtual(java.lang.Object, java.lang.Object)'> (0x000000008a136480) thrown at [./src/hotspot/share/interpreter/linkResolver.cpp, line 773]

Events (20 events):
Event: 21.586 loading class org/gradle/configuration/project/NotifyProjectAfterEvaluatedBuildOperationType$Result
Event: 21.586 loading class org/gradle/configuration/project/NotifyProjectAfterEvaluatedBuildOperationType$Result done
Event: 21.586 loading class org/gradle/configuration/project/NotifyProjectAfterEvaluatedBuildOperationType$1
Event: 21.586 loading class org/gradle/configuration/project/NotifyProjectAfterEvaluatedBuildOperationType$1 done
Event: 21.587 loading class org/gradle/tooling/internal/provider/runner/ClientForwardingProjectConfigurationOperationListener$PluginApplicationResult
Event: 21.587 loading class org/gradle/tooling/internal/provider/runner/ClientForwardingProjectConfigurationOperationListener$PluginApplicationResult done
Event: 21.588 loading class org/gradle/tooling/internal/protocol/events/InternalProjectConfigurationResult$InternalPluginApplicationResult
Event: 21.588 loading class org/gradle/tooling/internal/protocol/events/InternalProjectConfigurationResult$InternalPluginApplicationResult done
Event: 21.588 loading class org/gradle/tooling/internal/provider/runner/ClientForwardingProjectConfigurationOperationListener$PluginApplicationResult
Event: 21.588 loading class org/gradle/tooling/internal/provider/runner/ClientForwardingProjectConfigurationOperationListener$PluginApplicationResult done
Event: 21.589 loading class org/gradle/internal/build/event/types/DefaultPluginApplicationResult
Event: 21.589 loading class org/gradle/internal/build/event/types/DefaultPluginApplicationResult done
Event: 21.590 loading class org/gradle/internal/build/event/types/DefaultFailure
Event: 21.590 loading class org/gradle/internal/build/event/types/DefaultFailure done
Event: 21.590 loading class org/gradle/tooling/internal/protocol/InternalFailure
Event: 21.590 loading class org/gradle/tooling/internal/protocol/InternalFailure done
Event: 21.591 loading class java/lang/Throwable$WrappedPrintWriter
Event: 21.591 loading class java/lang/Throwable$PrintStreamOrWriter
Event: 21.591 loading class java/lang/Throwable$PrintStreamOrWriter done
Event: 21.591 loading class java/lang/Throwable$WrappedPrintWriter done


Dynamic libraries:
0x00007ff61c9f0000 - 0x00007ff61c9fa000 	C:\Program Files\Android\Android Studio\jre\bin\java.exe
0x00007ff8a46b0000 - 0x00007ff8a485d000 	C:\Windows\SYSTEM32\ntdll.dll
0x00007ff8a3df0000 - 0x00007ff8a3f2f000 	C:\Windows\system32\KERNEL32.DLL
0x00007ff8a1850000 - 0x00007ff8a1965000 	C:\Windows\system32\KERNELBASE.dll
0x00007ff885b20000 - 0x00007ff885b39000 	C:\Program Files\Android\Android Studio\jre\bin\jli.dll
0x00007ff885880000 - 0x00007ff885897000 	C:\Program Files\Android\Android Studio\jre\bin\VCRUNTIME140.dll
0x00007ff89c5f0000 - 0x00007ff89c5f4000 	C:\Windows\SYSTEM32\api-ms-win-crt-stdio-l1-1-0.dll
0x00007ff89c620000 - 0x00007ff89c624000 	C:\Windows\SYSTEM32\api-ms-win-crt-runtime-l1-1-0.dll
0x00007ff89c0d0000 - 0x00007ff89c0d3000 	C:\Windows\SYSTEM32\api-ms-win-crt-environment-l1-1-0.dll
0x00007ff89c0c0000 - 0x00007ff89c0c5000 	C:\Windows\SYSTEM32\api-ms-win-crt-math-l1-1-0.dll
0x00007ff89c5d0000 - 0x00007ff89c5d3000 	C:\Windows\SYSTEM32\api-ms-win-crt-locale-l1-1-0.dll
0x00007ff89c600000 - 0x00007ff89c603000 	C:\Windows\SYSTEM32\api-ms-win-crt-heap-l1-1-0.dll
0x00007ff89f440000 - 0x00007ff89f6bb000 	C:\Windows\WinSxS\amd64_microsoft.windows.common-controls_6595b64144ccf1df_6.0.9600.19394_none_62486577ecb635cf\COMCTL32.dll
0x00007ff8a3730000 - 0x00007ff8a38a7000 	C:\Windows\system32\USER32.dll
0x00007ff89c280000 - 0x00007ff89c283000 	C:\Windows\SYSTEM32\api-ms-win-crt-filesystem-l1-1-0.dll
0x00007ff89c610000 - 0x00007ff89c614000 	C:\Windows\SYSTEM32\api-ms-win-crt-string-l1-1-0.dll
0x00007ff89c5e0000 - 0x00007ff89c5e4000 	C:\Windows\SYSTEM32\api-ms-win-crt-convert-l1-1-0.dll
0x00007ff8a3c70000 - 0x00007ff8a3d1a000 	C:\Windows\system32\msvcrt.dll
0x00007ff8a4060000 - 0x00007ff8a41ae000 	C:\Windows\system32\GDI32.dll
0x00007ff888910000 - 0x00007ff888a04000 	C:\Windows\SYSTEM32\ucrtbase.DLL
0x00007ff8a3ab0000 - 0x00007ff8a3ae6000 	C:\Windows\system32\IMM32.DLL
0x00007ff8a3b10000 - 0x00007ff8a3c61000 	C:\Windows\system32\MSCTF.dll
0x00007ff870190000 - 0x00007ff87022d000 	C:\Program Files\Android\Android Studio\jre\bin\msvcp140.dll
0x00007ff880aa0000 - 0x00007ff880aa5000 	C:\Windows\SYSTEM32\api-ms-win-crt-multibyte-l1-1-0.dll
0x00007ff89c5b0000 - 0x00007ff89c5b3000 	C:\Windows\SYSTEM32\api-ms-win-crt-time-l1-1-0.dll
0x00007ff89c5c0000 - 0x00007ff89c5c3000 	C:\Windows\SYSTEM32\api-ms-win-crt-utility-l1-1-0.dll
0x00007ff86a330000 - 0x00007ff86adff000 	C:\Program Files\Android\Android Studio\jre\bin\server\jvm.dll
0x00007ff8a41b0000 - 0x00007ff8a425d000 	C:\Windows\system32\ADVAPI32.dll
0x00007ff885540000 - 0x00007ff885549000 	C:\Windows\SYSTEM32\WSOCK32.dll
0x00007ff892160000 - 0x00007ff892182000 	C:\Windows\SYSTEM32\WINMM.dll
0x00007ff89f0b0000 - 0x00007ff89f0ba000 	C:\Windows\SYSTEM32\VERSION.dll
0x00007ff8a4640000 - 0x00007ff8a4647000 	C:\Windows\system32\PSAPI.DLL
0x00007ff8a3f40000 - 0x00007ff8a3f9b000 	C:\Windows\SYSTEM32\sechost.dll
0x00007ff8a1d30000 - 0x00007ff8a1e66000 	C:\Windows\system32\RPCRT4.dll
0x00007ff8a3a50000 - 0x00007ff8a3aaa000 	C:\Windows\system32\WS2_32.dll
0x00007ff891ff0000 - 0x00007ff89201a000 	C:\Windows\SYSTEM32\WINMMBASE.dll
0x00007ff8a1820000 - 0x00007ff8a184e000 	C:\Windows\system32\SspiCli.dll
0x00007ff8a3f30000 - 0x00007ff8a3f39000 	C:\Windows\system32\NSI.dll
0x00007ff8a1a20000 - 0x00007ff8a1a6f000 	C:\Windows\SYSTEM32\cfgmgr32.dll
0x00007ff8a0580000 - 0x00007ff8a05a8000 	C:\Windows\SYSTEM32\DEVOBJ.dll
0x00007ff883e50000 - 0x00007ff883e61000 	C:\Program Files\Android\Android Studio\jre\bin\verify.dll
0x00007ff87eeb0000 - 0x00007ff87f039000 	C:\Windows\SYSTEM32\DBGHELP.DLL
0x00007ff883420000 - 0x00007ff883449000 	C:\Program Files\Android\Android Studio\jre\bin\java.dll
0x00007ff885530000 - 0x00007ff88553b000 	C:\Program Files\Android\Android Studio\jre\bin\jimage.dll
0x00007ff883090000 - 0x00007ff8830a8000 	C:\Program Files\Android\Android Studio\jre\bin\zip.dll
0x00007ff8a20d0000 - 0x00007ff8a35fb000 	C:\Windows\system32\SHELL32.dll
0x00007ff8a4260000 - 0x00007ff8a4472000 	C:\Windows\SYSTEM32\combase.dll
0x00007ff8a4650000 - 0x00007ff8a46a4000 	C:\Windows\system32\SHLWAPI.dll
0x00007ff89fcd0000 - 0x00007ff89fd82000 	C:\Windows\SYSTEM32\SHCORE.dll
0x00007ff8a1750000 - 0x00007ff8a1765000 	C:\Windows\SYSTEM32\profapi.dll
0x00007ff8827e0000 - 0x00007ff8827fa000 	C:\Program Files\Android\Android Studio\jre\bin\net.dll
0x00007ff899540000 - 0x00007ff899609000 	C:\Windows\SYSTEM32\WINHTTP.dll
0x00007ff8a1030000 - 0x00007ff8a1089000 	C:\Windows\system32\mswsock.dll
0x00007ff880f90000 - 0x00007ff880fa4000 	C:\Program Files\Android\Android Studio\jre\bin\nio.dll
0x00007ff885ec0000 - 0x00007ff885ee7000 	C:\Users\win8\.gradle\native\8bec1ad78214c89d9ad589b4d07fe93259594b29d510b10fafb7a158f7737e5d\windows-amd64\native-platform.dll
0x00007ff86fbb0000 - 0x00007ff86fced000 	C:\Users\win8\.gradle\native\53dbd7edfb1c66fb8903c78663c9afc45aea4f116125fa6feffd364cf09443e8\windows-amd64\native-platform-file-events.dll
0x00007ff883e40000 - 0x00007ff883e4a000 	C:\Program Files\Android\Android Studio\jre\bin\management.dll
0x00007ff883410000 - 0x00007ff88341c000 	C:\Program Files\Android\Android Studio\jre\bin\management_ext.dll
0x00007ff8a11a0000 - 0x00007ff8a11c0000 	C:\Windows\SYSTEM32\CRYPTSP.dll
0x00007ff8a0c80000 - 0x00007ff8a0cb6000 	C:\Windows\system32\rsaenh.dll
0x00007ff8a1300000 - 0x00007ff8a1326000 	C:\Windows\SYSTEM32\bcrypt.dll
0x00007ff8a0d70000 - 0x00007ff8a0d91000 	C:\Windows\SYSTEM32\USERENV.dll
0x00007ff8a1620000 - 0x00007ff8a1683000 	C:\Windows\system32\bcryptprimitives.dll
0x00007ff8a1690000 - 0x00007ff8a169b000 	C:\Windows\SYSTEM32\CRYPTBASE.dll
0x00007ff89c210000 - 0x00007ff89c23a000 	C:\Windows\SYSTEM32\IPHLPAPI.DLL
0x00007ff89c0e0000 - 0x00007ff89c0ea000 	C:\Windows\SYSTEM32\WINNSI.DLL
0x00007ff89b660000 - 0x00007ff89b676000 	C:\Windows\SYSTEM32\dhcpcsvc6.DLL
0x00007ff89b900000 - 0x00007ff89b91a000 	C:\Windows\SYSTEM32\dhcpcsvc.DLL

dbghelp: loaded successfully - version: 4.0.5 - missing functions: none
symbol engine: initialized successfully - sym options: 0x614 - pdb path: .;C:\Program Files\Android\Android Studio\jre\bin;C:\Windows\SYSTEM32;C:\Windows\WinSxS\amd64_microsoft.windows.common-controls_6595b64144ccf1df_6.0.9600.19394_none_62486577ecb635cf;C:\Program Files\Android\Android Studio\jre\bin\server;C:\Users\win8\.gradle\native\8bec1ad78214c89d9ad589b4d07fe93259594b29d510b10fafb7a158f7737e5d\windows-amd64;C:\Users\win8\.gradle\native\53dbd7edfb1c66fb8903c78663c9afc45aea4f116125fa6feffd364cf09443e8\windows-amd64

VM Arguments:
jvm_args: --add-opens=java.base/java.util=ALL-UNNAMED --add-opens=java.base/java.lang=ALL-UNNAMED --add-opens=java.base/java.lang.invoke=ALL-UNNAMED --add-opens=java.base/java.util=ALL-UNNAMED --add-opens=java.prefs/java.util.prefs=ALL-UNNAMED --add-opens=java.prefs/java.util.prefs=ALL-UNNAMED --add-opens=java.base/java.nio.charset=ALL-UNNAMED --add-opens=java.base/java.net=ALL-UNNAMED --add-opens=java.base/java.util.concurrent.atomic=ALL-UNNAMED -Xmx2048m -Dfile.encoding=UTF-8 -Duser.country=TR -Duser.language=tr -Duser.variant 
java_command: org.gradle.launcher.daemon.bootstrap.GradleDaemon 7.0.2
java_class_path (initial): C:\Users\win8\.gradle\wrapper\dists\gradle-7.0.2-bin\857tjihv64xamwrf0h14cai3r\gradle-7.0.2\lib\gradle-launcher-7.0.2.jar
Launcher Type: SUN_STANDARD

[Global flags]
     intx CICompilerCount                          = 3                                         {product} {ergonomic}
     uint ConcGCThreads                            = 1                                         {product} {ergonomic}
     uint G1ConcRefinementThreads                  = 4                                         {product} {ergonomic}
   size_t G1HeapRegionSize                         = 1048576                                   {product} {ergonomic}
    uintx GCDrainStackTargetSize                   = 64                                        {product} {ergonomic}
   size_t InitialHeapSize                          = 134217728                                 {product} {ergonomic}
   size_t MarkStackSize                            = 4194304                                   {product} {ergonomic}
   size_t MaxHeapSize                              = 2147483648                                {product} {command line}
   size_t MaxNewSize                               = 1287651328                                {product} {ergonomic}
   size_t MinHeapDeltaBytes                        = 1048576                                   {product} {ergonomic}
    uintx NonNMethodCodeHeapSize                   = 5830732                                {pd product} {ergonomic}
    uintx NonProfiledCodeHeapSize                  = 122913754                              {pd product} {ergonomic}
    uintx ProfiledCodeHeapSize                     = 122913754                              {pd product} {ergonomic}
    uintx ReservedCodeCacheSize                    = 251658240                              {pd product} {ergonomic}
     bool SegmentedCodeCache                       = true                                      {product} {ergonomic}
     bool UseCompressedClassPointers               = true                                 {lp64_product} {ergonomic}
     bool UseCompressedOops                        = true                                 {lp64_product} {ergonomic}
     bool UseG1GC                                  = true                                      {product} {ergonomic}
     bool UseLargePagesIndividualAllocation        = false                                  {pd product} {ergonomic}

Logging:
Log output configuration:
 #0: stdout all=warning uptime,level,tags
 #1: stderr all=off uptime,level,tags

Environment Variables:
PATH=C:\Program Files (x86)\Common Files\Oracle\Java\javapath;C:\Windows\system32;C:\Windows;C:\Windows\System32\Wbem;C:\Windows\System32\WindowsPowerShell\v1.0\;C:\Program Files (x86)\ATI Technologies\ATI.ACE\Core-Static;C:\Program Files (x86)\Windows Live\Shared;C:\Program Files (x86)\Microsoft SQL Server\140\Tools\Binn\;C:\Program Files\Microsoft SQL Server\Client SDK\ODBC\130\Tools\Binn\;C:\Program Files\Microsoft SQL Server\140\Tools\Binn\;C:\Program Files\Microsoft SQL Server\140\DTS\Binn\;C:\xampp\php
USERNAME=win8
OS=Windows_NT
PROCESSOR_IDENTIFIER=Intel64 Family 6 Model 60 Stepping 3, GenuineIntel



---------------  S Y S T E M  ---------------

OS: Windows 8.1 , 64 bit Build 9600 (6.3.9600.20237)
OS uptime: 6 days 21:44 hours

CPU:total 4 (initial active 4) (2 cores per cpu, 2 threads per core) family 6 model 60 stepping 3 microcode 0x1a, cmov, cx8, fxsr, mmx, sse, sse2, sse3, ssse3, sse4.1, sse4.2, popcnt, avx, avx2, aes, clmul, erms, lzcnt, ht, tsc, tscinvbit, bmi1, bmi2, fma

Memory: 4k page, system-wide physical 8104M (300M free)
TotalPageFile size 11176M (AvailPageFile size 2M)
current process WorkingSet (physical memory assigned to process): 272M, peak: 288M
current process commit charge ("private bytes"): 349M, peak: 371M

vm_info: OpenJDK 64-Bit Server VM (11.0.10+0-b96-7249189) for windows-amd64 JRE (11.0.10+0-b96-7249189), built on Mar 31 2021 21:44:00 by "builder" with MS VC++ 14.0 (VS2015)

END.
